<?xml version="1.0" encoding="UTF-8" standalone="no"?>
<!DOCTYPE log SYSTEM "logger.dtd">
<log>
<record>
  <date>2019-11-19T16:51:48</date>
  <millis>1574142708346</millis>
  <sequence>0</sequence>
  <level>START</level>
  <class>com.kms.katalon.core.logging.XmlKeywordLogger</class>
  <method>startSuite</method>
  <thread>1</thread>
  <message>Start Test Suite : Test Suites/Living_room_sale_link_check</message>
  <nestedLevel>0</nestedLevel>
  <property name="name">Living_room_sale_link_check</property>
  <property name="description"></property>
  <property name="id">Test Suites/Living_room_sale_link_check</property>
</record>
<record>
  <date>2019-11-19T16:51:48</date>
  <millis>1574142708358</millis>
  <sequence>1</sequence>
  <level>RUN_DATA</level>
  <class>com.kms.katalon.core.logging.XmlKeywordLogger</class>
  <method>logMessage</method>
  <thread>1</thread>
  <message>hostName = abharathan - TWNB112.buyster.local</message>
  <nestedLevel>0</nestedLevel>
  <property name="hostName">abharathan - TWNB112.buyster.local</property>
</record>
<record>
  <date>2019-11-19T16:51:48</date>
  <millis>1574142708359</millis>
  <sequence>2</sequence>
  <level>RUN_DATA</level>
  <class>com.kms.katalon.core.logging.XmlKeywordLogger</class>
  <method>logMessage</method>
  <thread>1</thread>
  <message>os = Windows 10 64bit</message>
  <nestedLevel>0</nestedLevel>
  <property name="os">Windows 10 64bit</property>
</record>
<record>
  <date>2019-11-19T16:51:48</date>
  <millis>1574142708359</millis>
  <sequence>3</sequence>
  <level>RUN_DATA</level>
  <class>com.kms.katalon.core.logging.XmlKeywordLogger</class>
  <method>logMessage</method>
  <thread>1</thread>
  <message>hostAddress = 192.168.33.126</message>
  <nestedLevel>0</nestedLevel>
  <property name="hostAddress">192.168.33.126</property>
</record>
<record>
  <date>2019-11-19T16:51:48</date>
  <millis>1574142708360</millis>
  <sequence>4</sequence>
  <level>RUN_DATA</level>
  <class>com.kms.katalon.core.logging.XmlKeywordLogger</class>
  <method>logMessage</method>
  <thread>1</thread>
  <message>katalonVersion = 7.0.4.1</message>
  <nestedLevel>0</nestedLevel>
  <property name="katalonVersion">7.0.4.1</property>
</record>
<record>
  <date>2019-11-19T16:51:48</date>
  <millis>1574142708525</millis>
  <sequence>5</sequence>
  <level>START</level>
  <class>com.kms.katalon.core.logging.XmlKeywordLogger</class>
  <method>startTest</method>
  <thread>1</thread>
  <message>Start Test Case : Test Cases/Living_Room_Furniture_chrome_ff</message>
  <nestedLevel>1</nestedLevel>
  <property name="name">Test Cases/Living_Room_Furniture_chrome_ff</property>
  <property name="description"></property>
  <property name="id">Test Cases/Living_Room_Furniture_chrome_ff</property>
  <property name="source">C:\\Users\\abharathan\\git\\Katalon\\Test Cases\\Living_Room_Furniture_chrome_ff.tc</property>
  <property name="tag"></property>
  <property name="isOptional">false</property>
</record>
<record>
  <date>2019-11-19T16:51:48</date>
  <millis>1574142708784</millis>
  <sequence>7</sequence>
  <level>START</level>
  <class>com.kms.katalon.core.logging.XmlKeywordLogger</class>
  <method>startKeyword</method>
  <thread>1</thread>
  <message>Start action : openBrowser(\&amp;quot;\&amp;quot;)</message>
  <nestedLevel>1</nestedLevel>
  <property name="startLine">19</property>
  <property name="stepIndex">1</property>
</record>
<record>
  <date>2019-11-19T16:51:49</date>
  <millis>1574142709011</millis>
  <sequence>9</sequence>
  <level>INFO</level>
  <class>com.kms.katalon.core.logging.XmlKeywordLogger</class>
  <method>logMessage</method>
  <thread>1</thread>
  <message>User set preference: [&amp;apos;os&amp;apos;, &amp;apos;Windows&amp;apos;]</message>
  <nestedLevel>1</nestedLevel>
</record>
<record>
  <date>2019-11-19T16:51:49</date>
  <millis>1574142709011</millis>
  <sequence>10</sequence>
  <level>INFO</level>
  <class>com.kms.katalon.core.logging.XmlKeywordLogger</class>
  <method>logMessage</method>
  <thread>1</thread>
  <message>User set preference: [&amp;apos;os_version&amp;apos;, &amp;apos;8.1&amp;apos;]</message>
  <nestedLevel>1</nestedLevel>
</record>
<record>
  <date>2019-11-19T16:51:49</date>
  <millis>1574142709012</millis>
  <sequence>11</sequence>
  <level>INFO</level>
  <class>com.kms.katalon.core.logging.XmlKeywordLogger</class>
  <method>logMessage</method>
  <thread>1</thread>
  <message>User set preference: [&amp;apos;browser&amp;apos;, &amp;apos;Chrome&amp;apos;]</message>
  <nestedLevel>1</nestedLevel>
</record>
<record>
  <date>2019-11-19T16:51:49</date>
  <millis>1574142709012</millis>
  <sequence>12</sequence>
  <level>INFO</level>
  <class>com.kms.katalon.core.logging.XmlKeywordLogger</class>
  <method>logMessage</method>
  <thread>1</thread>
  <message>User set preference: [&amp;apos;browser_version&amp;apos;, &amp;apos;65.0&amp;apos;]</message>
  <nestedLevel>1</nestedLevel>
</record>
<record>
  <date>2019-11-19T16:51:49</date>
  <millis>1574142709012</millis>
  <sequence>13</sequence>
  <level>INFO</level>
  <class>com.kms.katalon.core.logging.XmlKeywordLogger</class>
  <method>logMessage</method>
  <thread>1</thread>
  <message>User set preference: [&amp;apos;project&amp;apos;, &amp;apos;katalon-browserstack&amp;apos;]</message>
  <nestedLevel>1</nestedLevel>
</record>
<record>
  <date>2019-11-19T16:51:49</date>
  <millis>1574142709012</millis>
  <sequence>14</sequence>
  <level>INFO</level>
  <class>com.kms.katalon.core.logging.XmlKeywordLogger</class>
  <method>logMessage</method>
  <thread>1</thread>
  <message>User set preference: [&amp;apos;name&amp;apos;, &amp;apos;katalon-test-suite-run&amp;apos;]</message>
  <nestedLevel>1</nestedLevel>
</record>
<record>
  <date>2019-11-19T16:51:49</date>
  <millis>1574142709015</millis>
  <sequence>15</sequence>
  <level>INFO</level>
  <class>com.kms.katalon.core.logging.XmlKeywordLogger</class>
  <method>logMessage</method>
  <thread>1</thread>
  <message>Connecting to remote web server &amp;apos;https://tempster:uEra7yo3oE873qt8ttbb@hub-cloud.browserstack.com/wd/hub&amp;apos; with type &amp;apos;Selenium&amp;apos;</message>
  <nestedLevel>1</nestedLevel>
</record>
<record>
  <date>2019-11-19T16:51:49</date>
  <millis>1574142709545</millis>
  <sequence>16</sequence>
  <level>INFO</level>
  <class>com.kms.katalon.core.logging.XmlKeywordLogger</class>
  <method>logMessage</method>
  <thread>1</thread>
  <message>Action delay is set to 0 seconds</message>
  <nestedLevel>1</nestedLevel>
</record>
<record>
  <date>2019-11-19T16:51:54</date>
  <millis>1574142714849</millis>
  <sequence>18</sequence>
  <level>RUN_DATA</level>
  <class>com.kms.katalon.core.logging.XmlKeywordLogger</class>
  <method>logMessage</method>
  <thread>1</thread>
  <message>sessionId = b1fb18a4b61e372306e46f37a199e5de86ed3a2c</message>
  <nestedLevel>1</nestedLevel>
  <property name="sessionId">b1fb18a4b61e372306e46f37a199e5de86ed3a2c</property>
</record>
<record>
  <date>2019-11-19T16:51:54</date>
  <millis>1574142714936</millis>
  <sequence>19</sequence>
  <level>RUN_DATA</level>
  <class>com.kms.katalon.core.logging.XmlKeywordLogger</class>
  <method>logMessage</method>
  <thread>1</thread>
  <message>browser = Chrome 65.0.3325.146</message>
  <nestedLevel>1</nestedLevel>
  <property name="browser">Chrome 65.0.3325.146</property>
</record>
<record>
  <date>2019-11-19T16:51:54</date>
  <millis>1574142714937</millis>
  <sequence>20</sequence>
  <level>RUN_DATA</level>
  <class>com.kms.katalon.core.logging.XmlKeywordLogger</class>
  <method>logMessage</method>
  <thread>1</thread>
  <message>platform = Windows 10</message>
  <nestedLevel>1</nestedLevel>
  <property name="platform">Windows 10</property>
</record>
<record>
  <date>2019-11-19T16:51:54</date>
  <millis>1574142714938</millis>
  <sequence>21</sequence>
  <level>RUN_DATA</level>
  <class>com.kms.katalon.core.logging.XmlKeywordLogger</class>
  <method>logMessage</method>
  <thread>1</thread>
  <message>seleniumVersion = 3.141.59</message>
  <nestedLevel>1</nestedLevel>
  <property name="seleniumVersion">3.141.59</property>
</record>
<record>
  <date>2019-11-19T16:51:54</date>
  <millis>1574142714940</millis>
  <sequence>22</sequence>
  <level>RUN_DATA</level>
  <class>com.kms.katalon.core.logging.XmlKeywordLogger</class>
  <method>logMessage</method>
  <thread>1</thread>
  <message>proxyInformation = ProxyInformation{proxyOption=NO_PROXY, proxyServerType=HTTP, password=, proxyServerAddress=, proxyServerPort=0}</message>
  <nestedLevel>1</nestedLevel>
  <property name="proxyInformation">ProxyInformation{proxyOption=NO_PROXY, proxyServerType=HTTP, password=, proxyServerAddress=, proxyServerPort=0}</property>
</record>
<record>
  <date>2019-11-19T16:51:55</date>
  <millis>1574142715014</millis>
  <sequence>23</sequence>
  <level>PASSED</level>
  <class>com.kms.katalon.core.logging.XmlKeywordLogger</class>
  <method>logMessage</method>
  <thread>1</thread>
  <message>Browser is opened with url: &amp;apos;&amp;apos;</message>
  <nestedLevel>1</nestedLevel>
</record>
<record>
  <date>2019-11-19T16:51:55</date>
  <millis>1574142715015</millis>
  <sequence>24</sequence>
  <level>END</level>
  <class>com.kms.katalon.core.logging.XmlKeywordLogger</class>
  <method>endKeyword</method>
  <thread>1</thread>
  <message>End action : openBrowser(\&amp;quot;\&amp;quot;)</message>
  <nestedLevel>1</nestedLevel>
</record>
<record>
  <date>2019-11-19T16:51:55</date>
  <millis>1574142715015</millis>
  <sequence>25</sequence>
  <level>START</level>
  <class>com.kms.katalon.core.logging.XmlKeywordLogger</class>
  <method>startKeyword</method>
  <thread>1</thread>
  <message>Start action : navigateToUrl(URL_PROD)</message>
  <nestedLevel>1</nestedLevel>
  <property name="startLine">21</property>
  <property name="stepIndex">2</property>
</record>
<record>
  <date>2019-11-19T16:51:56</date>
  <millis>1574142716559</millis>
  <sequence>28</sequence>
  <level>PASSED</level>
  <class>com.kms.katalon.core.logging.XmlKeywordLogger</class>
  <method>logMessage</method>
  <thread>1</thread>
  <message>Navigate to &amp;apos;https://www.templeandwebster.com.au/&amp;apos; successfully</message>
  <nestedLevel>1</nestedLevel>
</record>
<record>
  <date>2019-11-19T16:51:56</date>
  <millis>1574142716560</millis>
  <sequence>29</sequence>
  <level>END</level>
  <class>com.kms.katalon.core.logging.XmlKeywordLogger</class>
  <method>endKeyword</method>
  <thread>1</thread>
  <message>End action : navigateToUrl(URL_PROD)</message>
  <nestedLevel>1</nestedLevel>
</record>
<record>
  <date>2019-11-19T16:51:56</date>
  <millis>1574142716561</millis>
  <sequence>30</sequence>
  <level>START</level>
  <class>com.kms.katalon.core.logging.XmlKeywordLogger</class>
  <method>startKeyword</method>
  <thread>1</thread>
  <message>Start action : click(findTestObject(\&amp;quot;Page_Furniture  Homewares Online at Beautiful Prices  Temple  Webster/environment\&amp;quot;), OPTIONAL)</message>
  <nestedLevel>1</nestedLevel>
  <property name="startLine">23</property>
  <property name="stepIndex">3</property>
</record>
<record>
  <date>2019-11-19T16:51:56</date>
  <millis>1574142716564</millis>
  <sequence>31</sequence>
  <level>NOT_RUN</level>
  <class>com.kms.katalon.core.logging.XmlKeywordLogger</class>
  <method>logMessage</method>
  <thread>1</thread>
  <message>NOT_RUN: click(findTestObject(\&amp;quot;Page_Furniture  Homewares Online at Beautiful Prices  Temple  Webster/environment\&amp;quot;), OPTIONAL)</message>
  <nestedLevel>1</nestedLevel>
</record>
<record>
  <date>2019-11-19T16:51:56</date>
  <millis>1574142716566</millis>
  <sequence>32</sequence>
  <level>END</level>
  <class>com.kms.katalon.core.logging.XmlKeywordLogger</class>
  <method>endKeyword</method>
  <thread>1</thread>
  <message>End action : click(findTestObject(\&amp;quot;Page_Furniture  Homewares Online at Beautiful Prices  Temple  Webster/environment\&amp;quot;), OPTIONAL)</message>
  <nestedLevel>1</nestedLevel>
</record>
<record>
  <date>2019-11-19T16:51:56</date>
  <millis>1574142716567</millis>
  <sequence>33</sequence>
  <level>START</level>
  <class>com.kms.katalon.core.logging.XmlKeywordLogger</class>
  <method>startKeyword</method>
  <thread>1</thread>
  <message>Start action : selectOptionByLabel(findTestObject(\&amp;quot;Page_Furniture  Homewares Online at Beautiful Prices  Temple  Webster/environment\&amp;quot;), ENV, false, OPTIONAL)</message>
  <nestedLevel>1</nestedLevel>
  <property name="startLine">26</property>
  <property name="stepIndex">4</property>
</record>
<record>
  <date>2019-11-19T16:51:56</date>
  <millis>1574142716568</millis>
  <sequence>34</sequence>
  <level>NOT_RUN</level>
  <class>com.kms.katalon.core.logging.XmlKeywordLogger</class>
  <method>logMessage</method>
  <thread>1</thread>
  <message>NOT_RUN: selectOptionByLabel(findTestObject(\&amp;quot;Page_Furniture  Homewares Online at Beautiful Prices  Temple  Webster/environment\&amp;quot;), ENV, false, OPTIONAL)</message>
  <nestedLevel>1</nestedLevel>
</record>
<record>
  <date>2019-11-19T16:51:56</date>
  <millis>1574142716569</millis>
  <sequence>35</sequence>
  <level>END</level>
  <class>com.kms.katalon.core.logging.XmlKeywordLogger</class>
  <method>endKeyword</method>
  <thread>1</thread>
  <message>End action : selectOptionByLabel(findTestObject(\&amp;quot;Page_Furniture  Homewares Online at Beautiful Prices  Temple  Webster/environment\&amp;quot;), ENV, false, OPTIONAL)</message>
  <nestedLevel>1</nestedLevel>
</record>
<record>
  <date>2019-11-19T16:51:56</date>
  <millis>1574142716569</millis>
  <sequence>36</sequence>
  <level>START</level>
  <class>com.kms.katalon.core.logging.XmlKeywordLogger</class>
  <method>startKeyword</method>
  <thread>1</thread>
  <message>Start action : click(findTestObject(\&amp;quot;Object Repository/Living Room Furniture/Page_Furniture  Homewares Online at Beautif_0bdae4/a_Shopproducts\&amp;quot;))</message>
  <nestedLevel>1</nestedLevel>
  <property name="startLine">29</property>
  <property name="stepIndex">5</property>
</record>
<record>
  <date>2019-11-19T16:51:59</date>
  <millis>1574142719015</millis>
  <sequence>45</sequence>
  <level>PASSED</level>
  <class>com.kms.katalon.core.logging.XmlKeywordLogger</class>
  <method>logMessage</method>
  <thread>1</thread>
  <message>Object: &amp;apos;Object Repository/Living Room Furniture/Page_Furniture  Homewares Online at Beautif_0bdae4/a_Shopproducts&amp;apos; is clicked on</message>
  <nestedLevel>1</nestedLevel>
</record>
<record>
  <date>2019-11-19T16:51:59</date>
  <millis>1574142719017</millis>
  <sequence>46</sequence>
  <level>END</level>
  <class>com.kms.katalon.core.logging.XmlKeywordLogger</class>
  <method>endKeyword</method>
  <thread>1</thread>
  <message>End action : click(findTestObject(\&amp;quot;Object Repository/Living Room Furniture/Page_Furniture  Homewares Online at Beautif_0bdae4/a_Shopproducts\&amp;quot;))</message>
  <nestedLevel>1</nestedLevel>
</record>
<record>
  <date>2019-11-19T16:51:59</date>
  <millis>1574142719018</millis>
  <sequence>47</sequence>
  <level>START</level>
  <class>com.kms.katalon.core.logging.XmlKeywordLogger</class>
  <method>startKeyword</method>
  <thread>1</thread>
  <message>Start action : delay(4)</message>
  <nestedLevel>1</nestedLevel>
  <property name="startLine">31</property>
  <property name="stepIndex">6</property>
</record>
<record>
  <date>2019-11-19T16:52:03</date>
  <millis>1574142723038</millis>
  <sequence>49</sequence>
  <level>PASSED</level>
  <class>com.kms.katalon.core.logging.XmlKeywordLogger</class>
  <method>logMessage</method>
  <thread>1</thread>
  <message>Delayed 4 second(s)</message>
  <nestedLevel>1</nestedLevel>
</record>
<record>
  <date>2019-11-19T16:52:03</date>
  <millis>1574142723040</millis>
  <sequence>50</sequence>
  <level>END</level>
  <class>com.kms.katalon.core.logging.XmlKeywordLogger</class>
  <method>endKeyword</method>
  <thread>1</thread>
  <message>End action : delay(4)</message>
  <nestedLevel>1</nestedLevel>
</record>
<record>
  <date>2019-11-19T16:52:03</date>
  <millis>1574142723040</millis>
  <sequence>51</sequence>
  <level>START</level>
  <class>com.kms.katalon.core.logging.XmlKeywordLogger</class>
  <method>startKeyword</method>
  <thread>1</thread>
  <message>Start action : click(findTestObject(\&amp;quot;Object Repository/Living Room Furniture/Page_Furniture  Homewares Online at Beautif_0bdae4/a_Living Room Furniture\&amp;quot;), OPTIONAL)</message>
  <nestedLevel>1</nestedLevel>
  <property name="startLine">33</property>
  <property name="stepIndex">7</property>
</record>
<record>
  <date>2019-11-19T16:52:05</date>
  <millis>1574142725613</millis>
  <sequence>60</sequence>
  <level>PASSED</level>
  <class>com.kms.katalon.core.logging.XmlKeywordLogger</class>
  <method>logMessage</method>
  <thread>1</thread>
  <message>Object: &amp;apos;Object Repository/Living Room Furniture/Page_Furniture  Homewares Online at Beautif_0bdae4/a_Living Room Furniture&amp;apos; is clicked on</message>
  <nestedLevel>1</nestedLevel>
</record>
<record>
  <date>2019-11-19T16:52:05</date>
  <millis>1574142725614</millis>
  <sequence>61</sequence>
  <level>END</level>
  <class>com.kms.katalon.core.logging.XmlKeywordLogger</class>
  <method>endKeyword</method>
  <thread>1</thread>
  <message>End action : click(findTestObject(\&amp;quot;Object Repository/Living Room Furniture/Page_Furniture  Homewares Online at Beautif_0bdae4/a_Living Room Furniture\&amp;quot;), OPTIONAL)</message>
  <nestedLevel>1</nestedLevel>
</record>
<record>
  <date>2019-11-19T16:52:05</date>
  <millis>1574142725615</millis>
  <sequence>62</sequence>
  <level>START</level>
  <class>com.kms.katalon.core.logging.XmlKeywordLogger</class>
  <method>startKeyword</method>
  <thread>1</thread>
  <message>Start action : verifyTextPresent(\&amp;quot;Living Room Furniture\&amp;quot;, false)</message>
  <nestedLevel>1</nestedLevel>
  <property name="startLine">36</property>
  <property name="stepIndex">8</property>
</record>
<record>
  <date>2019-11-19T16:52:08</date>
  <millis>1574142728207</millis>
  <sequence>65</sequence>
  <level>PASSED</level>
  <class>com.kms.katalon.core.logging.XmlKeywordLogger</class>
  <method>logMessage</method>
  <thread>1</thread>
  <message>Text &amp;apos;Living Room Furniture&amp;apos; is present on page </message>
  <nestedLevel>1</nestedLevel>
</record>
<record>
  <date>2019-11-19T16:52:08</date>
  <millis>1574142728208</millis>
  <sequence>66</sequence>
  <level>END</level>
  <class>com.kms.katalon.core.logging.XmlKeywordLogger</class>
  <method>endKeyword</method>
  <thread>1</thread>
  <message>End action : verifyTextPresent(\&amp;quot;Living Room Furniture\&amp;quot;, false)</message>
  <nestedLevel>1</nestedLevel>
</record>
<record>
  <date>2019-11-19T16:52:08</date>
  <millis>1574142728208</millis>
  <sequence>67</sequence>
  <level>START</level>
  <class>com.kms.katalon.core.logging.XmlKeywordLogger</class>
  <method>startKeyword</method>
  <thread>1</thread>
  <message>Start action : closeBrowser()</message>
  <nestedLevel>1</nestedLevel>
  <property name="startLine">38</property>
  <property name="stepIndex">9</property>
</record>
<record>
  <date>2019-11-19T16:52:09</date>
  <millis>1574142729200</millis>
  <sequence>69</sequence>
  <level>PASSED</level>
  <class>com.kms.katalon.core.logging.XmlKeywordLogger</class>
  <method>logMessage</method>
  <thread>1</thread>
  <message>Browser is closed</message>
  <nestedLevel>1</nestedLevel>
</record>
<record>
  <date>2019-11-19T16:52:09</date>
  <millis>1574142729200</millis>
  <sequence>70</sequence>
  <level>END</level>
  <class>com.kms.katalon.core.logging.XmlKeywordLogger</class>
  <method>endKeyword</method>
  <thread>1</thread>
  <message>End action : closeBrowser()</message>
  <nestedLevel>1</nestedLevel>
</record>
<record>
  <date>2019-11-19T16:52:09</date>
  <millis>1574142729201</millis>
  <sequence>71</sequence>
  <level>PASSED</level>
  <class>com.kms.katalon.core.logging.XmlKeywordLogger</class>
  <method>logMessage</method>
  <thread>1</thread>
  <message>Test Cases/Living_Room_Furniture_chrome_ff</message>
  <nestedLevel>1</nestedLevel>
</record>
<record>
  <date>2019-11-19T16:52:09</date>
  <millis>1574142729202</millis>
  <sequence>72</sequence>
  <level>END</level>
  <class>com.kms.katalon.core.logging.XmlKeywordLogger</class>
  <method>endTest</method>
  <thread>1</thread>
  <message>End Test Case : Test Cases/Living_Room_Furniture_chrome_ff</message>
  <nestedLevel>0</nestedLevel>
</record>
<record>
  <date>2019-11-19T16:52:09</date>
  <millis>1574142729212</millis>
  <sequence>73</sequence>
  <level>START</level>
  <class>com.kms.katalon.core.logging.XmlKeywordLogger</class>
  <method>startTest</method>
  <thread>1</thread>
  <message>Start Test Case : Test Cases/Sale_page_chrome_ff</message>
  <nestedLevel>1</nestedLevel>
  <property name="name">Test Cases/Sale_page_chrome_ff</property>
  <property name="description"></property>
  <property name="id">Test Cases/Sale_page_chrome_ff</property>
  <property name="source">C:\\Users\\abharathan\\git\\Katalon\\Test Cases\\Sale_page_chrome_ff.tc</property>
  <property name="tag"></property>
  <property name="isOptional">false</property>
</record>
<record>
  <date>2019-11-19T16:52:09</date>
  <millis>1574142729331</millis>
  <sequence>75</sequence>
  <level>START</level>
  <class>com.kms.katalon.core.logging.XmlKeywordLogger</class>
  <method>startKeyword</method>
  <thread>1</thread>
  <message>Start action : openBrowser(\&amp;quot;\&amp;quot;)</message>
  <nestedLevel>1</nestedLevel>
  <property name="startLine">19</property>
  <property name="stepIndex">1</property>
</record>
<record>
  <date>2019-11-19T16:52:09</date>
  <millis>1574142729337</millis>
  <sequence>77</sequence>
  <level>INFO</level>
  <class>com.kms.katalon.core.logging.XmlKeywordLogger</class>
  <method>logMessage</method>
  <thread>1</thread>
  <message>User set preference: [&amp;apos;os&amp;apos;, &amp;apos;Windows&amp;apos;]</message>
  <nestedLevel>1</nestedLevel>
</record>
<record>
  <date>2019-11-19T16:52:09</date>
  <millis>1574142729337</millis>
  <sequence>78</sequence>
  <level>INFO</level>
  <class>com.kms.katalon.core.logging.XmlKeywordLogger</class>
  <method>logMessage</method>
  <thread>1</thread>
  <message>User set preference: [&amp;apos;os_version&amp;apos;, &amp;apos;8.1&amp;apos;]</message>
  <nestedLevel>1</nestedLevel>
</record>
<record>
  <date>2019-11-19T16:52:09</date>
  <millis>1574142729337</millis>
  <sequence>79</sequence>
  <level>INFO</level>
  <class>com.kms.katalon.core.logging.XmlKeywordLogger</class>
  <method>logMessage</method>
  <thread>1</thread>
  <message>User set preference: [&amp;apos;browser&amp;apos;, &amp;apos;Chrome&amp;apos;]</message>
  <nestedLevel>1</nestedLevel>
</record>
<record>
  <date>2019-11-19T16:52:09</date>
  <millis>1574142729338</millis>
  <sequence>80</sequence>
  <level>INFO</level>
  <class>com.kms.katalon.core.logging.XmlKeywordLogger</class>
  <method>logMessage</method>
  <thread>1</thread>
  <message>User set preference: [&amp;apos;browser_version&amp;apos;, &amp;apos;65.0&amp;apos;]</message>
  <nestedLevel>1</nestedLevel>
</record>
<record>
  <date>2019-11-19T16:52:09</date>
  <millis>1574142729338</millis>
  <sequence>81</sequence>
  <level>INFO</level>
  <class>com.kms.katalon.core.logging.XmlKeywordLogger</class>
  <method>logMessage</method>
  <thread>1</thread>
  <message>User set preference: [&amp;apos;project&amp;apos;, &amp;apos;katalon-browserstack&amp;apos;]</message>
  <nestedLevel>1</nestedLevel>
</record>
<record>
  <date>2019-11-19T16:52:09</date>
  <millis>1574142729338</millis>
  <sequence>82</sequence>
  <level>INFO</level>
  <class>com.kms.katalon.core.logging.XmlKeywordLogger</class>
  <method>logMessage</method>
  <thread>1</thread>
  <message>User set preference: [&amp;apos;name&amp;apos;, &amp;apos;katalon-test-suite-run&amp;apos;]</message>
  <nestedLevel>1</nestedLevel>
</record>
<record>
  <date>2019-11-19T16:52:09</date>
  <millis>1574142729339</millis>
  <sequence>83</sequence>
  <level>INFO</level>
  <class>com.kms.katalon.core.logging.XmlKeywordLogger</class>
  <method>logMessage</method>
  <thread>1</thread>
  <message>Connecting to remote web server &amp;apos;https://tempster:uEra7yo3oE873qt8ttbb@hub-cloud.browserstack.com/wd/hub&amp;apos; with type &amp;apos;Selenium&amp;apos;</message>
  <nestedLevel>1</nestedLevel>
</record>
<record>
  <date>2019-11-19T16:52:14</date>
  <millis>1574142734410</millis>
  <sequence>85</sequence>
  <level>RUN_DATA</level>
  <class>com.kms.katalon.core.logging.XmlKeywordLogger</class>
  <method>logMessage</method>
  <thread>1</thread>
  <message>sessionId = 4a72f35e874a289eeada716a68806ad7ac9794a7</message>
  <nestedLevel>1</nestedLevel>
  <property name="sessionId">4a72f35e874a289eeada716a68806ad7ac9794a7</property>
</record>
<record>
  <date>2019-11-19T16:52:14</date>
  <millis>1574142734485</millis>
  <sequence>86</sequence>
  <level>RUN_DATA</level>
  <class>com.kms.katalon.core.logging.XmlKeywordLogger</class>
  <method>logMessage</method>
  <thread>1</thread>
  <message>browser = Chrome 65.0.3325.146</message>
  <nestedLevel>1</nestedLevel>
  <property name="browser">Chrome 65.0.3325.146</property>
</record>
<record>
  <date>2019-11-19T16:52:14</date>
  <millis>1574142734486</millis>
  <sequence>87</sequence>
  <level>RUN_DATA</level>
  <class>com.kms.katalon.core.logging.XmlKeywordLogger</class>
  <method>logMessage</method>
  <thread>1</thread>
  <message>platform = Windows 10</message>
  <nestedLevel>1</nestedLevel>
  <property name="platform">Windows 10</property>
</record>
<record>
  <date>2019-11-19T16:52:14</date>
  <millis>1574142734486</millis>
  <sequence>88</sequence>
  <level>RUN_DATA</level>
  <class>com.kms.katalon.core.logging.XmlKeywordLogger</class>
  <method>logMessage</method>
  <thread>1</thread>
  <message>seleniumVersion = 3.141.59</message>
  <nestedLevel>1</nestedLevel>
  <property name="seleniumVersion">3.141.59</property>
</record>
<record>
  <date>2019-11-19T16:52:14</date>
  <millis>1574142734487</millis>
  <sequence>89</sequence>
  <level>RUN_DATA</level>
  <class>com.kms.katalon.core.logging.XmlKeywordLogger</class>
  <method>logMessage</method>
  <thread>1</thread>
  <message>proxyInformation = ProxyInformation{proxyOption=NO_PROXY, proxyServerType=HTTP, password=, proxyServerAddress=, proxyServerPort=0}</message>
  <nestedLevel>1</nestedLevel>
  <property name="proxyInformation">ProxyInformation{proxyOption=NO_PROXY, proxyServerType=HTTP, password=, proxyServerAddress=, proxyServerPort=0}</property>
</record>
<record>
  <date>2019-11-19T16:52:14</date>
  <millis>1574142734550</millis>
  <sequence>90</sequence>
  <level>PASSED</level>
  <class>com.kms.katalon.core.logging.XmlKeywordLogger</class>
  <method>logMessage</method>
  <thread>1</thread>
  <message>Browser is opened with url: &amp;apos;&amp;apos;</message>
  <nestedLevel>1</nestedLevel>
</record>
<record>
  <date>2019-11-19T16:52:14</date>
  <millis>1574142734551</millis>
  <sequence>91</sequence>
  <level>END</level>
  <class>com.kms.katalon.core.logging.XmlKeywordLogger</class>
  <method>endKeyword</method>
  <thread>1</thread>
  <message>End action : openBrowser(\&amp;quot;\&amp;quot;)</message>
  <nestedLevel>1</nestedLevel>
</record>
<record>
  <date>2019-11-19T16:52:14</date>
  <millis>1574142734551</millis>
  <sequence>92</sequence>
  <level>START</level>
  <class>com.kms.katalon.core.logging.XmlKeywordLogger</class>
  <method>startKeyword</method>
  <thread>1</thread>
  <message>Start action : navigateToUrl(URL_PROD)</message>
  <nestedLevel>1</nestedLevel>
  <property name="startLine">21</property>
  <property name="stepIndex">2</property>
</record>
<record>
  <date>2019-11-19T16:52:15</date>
  <millis>1574142735999</millis>
  <sequence>95</sequence>
  <level>PASSED</level>
  <class>com.kms.katalon.core.logging.XmlKeywordLogger</class>
  <method>logMessage</method>
  <thread>1</thread>
  <message>Navigate to &amp;apos;https://www.templeandwebster.com.au/&amp;apos; successfully</message>
  <nestedLevel>1</nestedLevel>
</record>
<record>
  <date>2019-11-19T16:52:16</date>
  <millis>1574142736000</millis>
  <sequence>96</sequence>
  <level>END</level>
  <class>com.kms.katalon.core.logging.XmlKeywordLogger</class>
  <method>endKeyword</method>
  <thread>1</thread>
  <message>End action : navigateToUrl(URL_PROD)</message>
  <nestedLevel>1</nestedLevel>
</record>
<record>
  <date>2019-11-19T16:52:16</date>
  <millis>1574142736001</millis>
  <sequence>97</sequence>
  <level>START</level>
  <class>com.kms.katalon.core.logging.XmlKeywordLogger</class>
  <method>startKeyword</method>
  <thread>1</thread>
  <message>Start action : click(findTestObject(\&amp;quot;Object Repository/Sale_page/Page_Furniture  Homewares Online at Beautif_0bdae4/a_Sale\&amp;quot;))</message>
  <nestedLevel>1</nestedLevel>
  <property name="startLine">23</property>
  <property name="stepIndex">3</property>
</record>
<record>
  <date>2019-11-19T16:52:20</date>
  <millis>1574142740398</millis>
  <sequence>106</sequence>
  <level>PASSED</level>
  <class>com.kms.katalon.core.logging.XmlKeywordLogger</class>
  <method>logMessage</method>
  <thread>1</thread>
  <message>Object: &amp;apos;Object Repository/Sale_page/Page_Furniture  Homewares Online at Beautif_0bdae4/a_Sale&amp;apos; is clicked on</message>
  <nestedLevel>1</nestedLevel>
</record>
<record>
  <date>2019-11-19T16:52:20</date>
  <millis>1574142740399</millis>
  <sequence>107</sequence>
  <level>END</level>
  <class>com.kms.katalon.core.logging.XmlKeywordLogger</class>
  <method>endKeyword</method>
  <thread>1</thread>
  <message>End action : click(findTestObject(\&amp;quot;Object Repository/Sale_page/Page_Furniture  Homewares Online at Beautif_0bdae4/a_Sale\&amp;quot;))</message>
  <nestedLevel>1</nestedLevel>
</record>
<record>
  <date>2019-11-19T16:52:20</date>
  <millis>1574142740399</millis>
  <sequence>108</sequence>
  <level>START</level>
  <class>com.kms.katalon.core.logging.XmlKeywordLogger</class>
  <method>startKeyword</method>
  <thread>1</thread>
  <message>Start action : delay(4)</message>
  <nestedLevel>1</nestedLevel>
  <property name="startLine">25</property>
  <property name="stepIndex">4</property>
</record>
<record>
  <date>2019-11-19T16:52:24</date>
  <millis>1574142744402</millis>
  <sequence>110</sequence>
  <level>PASSED</level>
  <class>com.kms.katalon.core.logging.XmlKeywordLogger</class>
  <method>logMessage</method>
  <thread>1</thread>
  <message>Delayed 4 second(s)</message>
  <nestedLevel>1</nestedLevel>
</record>
<record>
  <date>2019-11-19T16:52:24</date>
  <millis>1574142744403</millis>
  <sequence>111</sequence>
  <level>END</level>
  <class>com.kms.katalon.core.logging.XmlKeywordLogger</class>
  <method>endKeyword</method>
  <thread>1</thread>
  <message>End action : delay(4)</message>
  <nestedLevel>1</nestedLevel>
</record>
<record>
  <date>2019-11-19T16:52:24</date>
  <millis>1574142744404</millis>
  <sequence>112</sequence>
  <level>START</level>
  <class>com.kms.katalon.core.logging.XmlKeywordLogger</class>
  <method>startKeyword</method>
  <thread>1</thread>
  <message>Start action : verifyElementPresent(findTestObject(\&amp;quot;Sale_page/Page_Cheap Furniture  Furniture Sale  Temple  Webster/img_Stock clearance_blocklevel cms_single_img single_img js-lego-data\&amp;quot;), 0)</message>
  <nestedLevel>1</nestedLevel>
  <property name="startLine">27</property>
  <property name="stepIndex">5</property>
</record>
<record>
  <date>2019-11-19T16:52:24</date>
  <millis>1574142744460</millis>
  <sequence>117</sequence>
  <level>WARNING</level>
  <class>com.kms.katalon.core.logging.XmlKeywordLogger</class>
  <method>logMessage</method>
  <thread>1</thread>
  <message>Timeout &amp;apos;0&amp;apos; is invalid. Using default page load timeout: &amp;apos;30&amp;apos;</message>
  <nestedLevel>1</nestedLevel>
</record>
<record>
  <date>2019-11-19T16:52:25</date>
  <millis>1574142745016</millis>
  <sequence>120</sequence>
  <level>PASSED</level>
  <class>com.kms.katalon.core.logging.XmlKeywordLogger</class>
  <method>logMessage</method>
  <thread>1</thread>
  <message>Object &amp;apos;Object Repository/Sale_page/Page_Cheap Furniture  Furniture Sale  Temple  Webster/img_Stock clearance_blocklevel cms_single_img single_img js-lego-data&amp;apos; is present</message>
  <nestedLevel>1</nestedLevel>
</record>
<record>
  <date>2019-11-19T16:52:25</date>
  <millis>1574142745017</millis>
  <sequence>121</sequence>
  <level>END</level>
  <class>com.kms.katalon.core.logging.XmlKeywordLogger</class>
  <method>endKeyword</method>
  <thread>1</thread>
  <message>End action : verifyElementPresent(findTestObject(\&amp;quot;Sale_page/Page_Cheap Furniture  Furniture Sale  Temple  Webster/img_Stock clearance_blocklevel cms_single_img single_img js-lego-data\&amp;quot;), 0)</message>
  <nestedLevel>1</nestedLevel>
</record>
<record>
  <date>2019-11-19T16:52:25</date>
  <millis>1574142745017</millis>
  <sequence>122</sequence>
  <level>START</level>
  <class>com.kms.katalon.core.logging.XmlKeywordLogger</class>
  <method>startKeyword</method>
  <thread>1</thread>
  <message>Start action : closeBrowser()</message>
  <nestedLevel>1</nestedLevel>
  <property name="startLine">30</property>
  <property name="stepIndex">6</property>
</record>
<record>
  <date>2019-11-19T16:52:25</date>
  <millis>1574142745956</millis>
  <sequence>124</sequence>
  <level>PASSED</level>
  <class>com.kms.katalon.core.logging.XmlKeywordLogger</class>
  <method>logMessage</method>
  <thread>1</thread>
  <message>Browser is closed</message>
  <nestedLevel>1</nestedLevel>
</record>
<record>
  <date>2019-11-19T16:52:25</date>
  <millis>1574142745956</millis>
  <sequence>125</sequence>
  <level>END</level>
  <class>com.kms.katalon.core.logging.XmlKeywordLogger</class>
  <method>endKeyword</method>
  <thread>1</thread>
  <message>End action : closeBrowser()</message>
  <nestedLevel>1</nestedLevel>
</record>
<record>
  <date>2019-11-19T16:52:25</date>
  <millis>1574142745957</millis>
  <sequence>126</sequence>
  <level>PASSED</level>
  <class>com.kms.katalon.core.logging.XmlKeywordLogger</class>
  <method>logMessage</method>
  <thread>1</thread>
  <message>Test Cases/Sale_page_chrome_ff</message>
  <nestedLevel>1</nestedLevel>
</record>
<record>
  <date>2019-11-19T16:52:25</date>
  <millis>1574142745957</millis>
  <sequence>127</sequence>
  <level>END</level>
  <class>com.kms.katalon.core.logging.XmlKeywordLogger</class>
  <method>endTest</method>
  <thread>1</thread>
  <message>End Test Case : Test Cases/Sale_page_chrome_ff</message>
  <nestedLevel>0</nestedLevel>
</record>
<record>
  <date>2019-11-19T16:52:25</date>
  <millis>1574142745961</millis>
  <sequence>128</sequence>
  <level>START</level>
  <class>com.kms.katalon.core.logging.XmlKeywordLogger</class>
  <method>startTest</method>
  <thread>1</thread>
  <message>Start Test Case : Test Cases/Search_functionality_barstools_IE</message>
  <nestedLevel>1</nestedLevel>
  <property name="name">Test Cases/Search_functionality_barstools_IE</property>
  <property name="description"></property>
  <property name="id">Test Cases/Search_functionality_barstools_IE</property>
  <property name="source">C:\\Users\\abharathan\\git\\Katalon\\Test Cases\\Search_functionality_barstools_IE.tc</property>
  <property name="tag"></property>
  <property name="isOptional">false</property>
</record>
<record>
  <date>2019-11-19T16:52:26</date>
  <millis>1574142746085</millis>
  <sequence>130</sequence>
  <level>START</level>
  <class>com.kms.katalon.core.logging.XmlKeywordLogger</class>
  <method>startKeyword</method>
  <thread>1</thread>
  <message>Start action : openBrowser(\&amp;quot;\&amp;quot;)</message>
  <nestedLevel>1</nestedLevel>
  <property name="startLine">19</property>
  <property name="stepIndex">1</property>
</record>
<record>
  <date>2019-11-19T16:52:26</date>
  <millis>1574142746089</millis>
  <sequence>132</sequence>
  <level>INFO</level>
  <class>com.kms.katalon.core.logging.XmlKeywordLogger</class>
  <method>logMessage</method>
  <thread>1</thread>
  <message>User set preference: [&amp;apos;os&amp;apos;, &amp;apos;Windows&amp;apos;]</message>
  <nestedLevel>1</nestedLevel>
</record>
<record>
  <date>2019-11-19T16:52:26</date>
  <millis>1574142746089</millis>
  <sequence>133</sequence>
  <level>INFO</level>
  <class>com.kms.katalon.core.logging.XmlKeywordLogger</class>
  <method>logMessage</method>
  <thread>1</thread>
  <message>User set preference: [&amp;apos;os_version&amp;apos;, &amp;apos;8.1&amp;apos;]</message>
  <nestedLevel>1</nestedLevel>
</record>
<record>
  <date>2019-11-19T16:52:26</date>
  <millis>1574142746090</millis>
  <sequence>134</sequence>
  <level>INFO</level>
  <class>com.kms.katalon.core.logging.XmlKeywordLogger</class>
  <method>logMessage</method>
  <thread>1</thread>
  <message>User set preference: [&amp;apos;browser&amp;apos;, &amp;apos;Chrome&amp;apos;]</message>
  <nestedLevel>1</nestedLevel>
</record>
<record>
  <date>2019-11-19T16:52:26</date>
  <millis>1574142746090</millis>
  <sequence>135</sequence>
  <level>INFO</level>
  <class>com.kms.katalon.core.logging.XmlKeywordLogger</class>
  <method>logMessage</method>
  <thread>1</thread>
  <message>User set preference: [&amp;apos;browser_version&amp;apos;, &amp;apos;65.0&amp;apos;]</message>
  <nestedLevel>1</nestedLevel>
</record>
<record>
  <date>2019-11-19T16:52:26</date>
  <millis>1574142746090</millis>
  <sequence>136</sequence>
  <level>INFO</level>
  <class>com.kms.katalon.core.logging.XmlKeywordLogger</class>
  <method>logMessage</method>
  <thread>1</thread>
  <message>User set preference: [&amp;apos;project&amp;apos;, &amp;apos;katalon-browserstack&amp;apos;]</message>
  <nestedLevel>1</nestedLevel>
</record>
<record>
  <date>2019-11-19T16:52:26</date>
  <millis>1574142746090</millis>
  <sequence>137</sequence>
  <level>INFO</level>
  <class>com.kms.katalon.core.logging.XmlKeywordLogger</class>
  <method>logMessage</method>
  <thread>1</thread>
  <message>User set preference: [&amp;apos;name&amp;apos;, &amp;apos;katalon-test-suite-run&amp;apos;]</message>
  <nestedLevel>1</nestedLevel>
</record>
<record>
  <date>2019-11-19T16:52:26</date>
  <millis>1574142746091</millis>
  <sequence>138</sequence>
  <level>INFO</level>
  <class>com.kms.katalon.core.logging.XmlKeywordLogger</class>
  <method>logMessage</method>
  <thread>1</thread>
  <message>Connecting to remote web server &amp;apos;https://tempster:uEra7yo3oE873qt8ttbb@hub-cloud.browserstack.com/wd/hub&amp;apos; with type &amp;apos;Selenium&amp;apos;</message>
  <nestedLevel>1</nestedLevel>
</record>
<record>
  <date>2019-11-19T16:52:31</date>
  <millis>1574142751675</millis>
  <sequence>140</sequence>
  <level>RUN_DATA</level>
  <class>com.kms.katalon.core.logging.XmlKeywordLogger</class>
  <method>logMessage</method>
  <thread>1</thread>
  <message>sessionId = 5bc6a612c5f894471f785b3f97fdd90ab989a672</message>
  <nestedLevel>1</nestedLevel>
  <property name="sessionId">5bc6a612c5f894471f785b3f97fdd90ab989a672</property>
</record>
<record>
  <date>2019-11-19T16:52:31</date>
  <millis>1574142751738</millis>
  <sequence>141</sequence>
  <level>RUN_DATA</level>
  <class>com.kms.katalon.core.logging.XmlKeywordLogger</class>
  <method>logMessage</method>
  <thread>1</thread>
  <message>browser = Chrome 65.0.3325.146</message>
  <nestedLevel>1</nestedLevel>
  <property name="browser">Chrome 65.0.3325.146</property>
</record>
<record>
  <date>2019-11-19T16:52:31</date>
  <millis>1574142751738</millis>
  <sequence>142</sequence>
  <level>RUN_DATA</level>
  <class>com.kms.katalon.core.logging.XmlKeywordLogger</class>
  <method>logMessage</method>
  <thread>1</thread>
  <message>platform = Windows 10</message>
  <nestedLevel>1</nestedLevel>
  <property name="platform">Windows 10</property>
</record>
<record>
  <date>2019-11-19T16:52:31</date>
  <millis>1574142751739</millis>
  <sequence>143</sequence>
  <level>RUN_DATA</level>
  <class>com.kms.katalon.core.logging.XmlKeywordLogger</class>
  <method>logMessage</method>
  <thread>1</thread>
  <message>seleniumVersion = 3.141.59</message>
  <nestedLevel>1</nestedLevel>
  <property name="seleniumVersion">3.141.59</property>
</record>
<record>
  <date>2019-11-19T16:52:31</date>
  <millis>1574142751740</millis>
  <sequence>144</sequence>
  <level>RUN_DATA</level>
  <class>com.kms.katalon.core.logging.XmlKeywordLogger</class>
  <method>logMessage</method>
  <thread>1</thread>
  <message>proxyInformation = ProxyInformation{proxyOption=NO_PROXY, proxyServerType=HTTP, password=, proxyServerAddress=, proxyServerPort=0}</message>
  <nestedLevel>1</nestedLevel>
  <property name="proxyInformation">ProxyInformation{proxyOption=NO_PROXY, proxyServerType=HTTP, password=, proxyServerAddress=, proxyServerPort=0}</property>
</record>
<record>
  <date>2019-11-19T16:52:31</date>
  <millis>1574142751796</millis>
  <sequence>145</sequence>
  <level>PASSED</level>
  <class>com.kms.katalon.core.logging.XmlKeywordLogger</class>
  <method>logMessage</method>
  <thread>1</thread>
  <message>Browser is opened with url: &amp;apos;&amp;apos;</message>
  <nestedLevel>1</nestedLevel>
</record>
<record>
  <date>2019-11-19T16:52:31</date>
  <millis>1574142751797</millis>
  <sequence>146</sequence>
  <level>END</level>
  <class>com.kms.katalon.core.logging.XmlKeywordLogger</class>
  <method>endKeyword</method>
  <thread>1</thread>
  <message>End action : openBrowser(\&amp;quot;\&amp;quot;)</message>
  <nestedLevel>1</nestedLevel>
</record>
<record>
  <date>2019-11-19T16:52:31</date>
  <millis>1574142751797</millis>
  <sequence>147</sequence>
  <level>START</level>
  <class>com.kms.katalon.core.logging.XmlKeywordLogger</class>
  <method>startKeyword</method>
  <thread>1</thread>
  <message>Start action : navigateToUrl(URL_PROD)</message>
  <nestedLevel>1</nestedLevel>
  <property name="startLine">21</property>
  <property name="stepIndex">2</property>
</record>
<record>
  <date>2019-11-19T16:52:33</date>
  <millis>1574142753494</millis>
  <sequence>150</sequence>
  <level>PASSED</level>
  <class>com.kms.katalon.core.logging.XmlKeywordLogger</class>
  <method>logMessage</method>
  <thread>1</thread>
  <message>Navigate to &amp;apos;https://www.templeandwebster.com.au/&amp;apos; successfully</message>
  <nestedLevel>1</nestedLevel>
</record>
<record>
  <date>2019-11-19T16:52:33</date>
  <millis>1574142753494</millis>
  <sequence>151</sequence>
  <level>END</level>
  <class>com.kms.katalon.core.logging.XmlKeywordLogger</class>
  <method>endKeyword</method>
  <thread>1</thread>
  <message>End action : navigateToUrl(URL_PROD)</message>
  <nestedLevel>1</nestedLevel>
</record>
<record>
  <date>2019-11-19T16:52:33</date>
  <millis>1574142753494</millis>
  <sequence>152</sequence>
  <level>START</level>
  <class>com.kms.katalon.core.logging.XmlKeywordLogger</class>
  <method>startKeyword</method>
  <thread>1</thread>
  <message>Start action : setText(findTestObject(\&amp;quot;Object Repository/search_functionality_barstools/Page_Furniture  Homewares Online at Beautif_0bdae4/input_keyword\&amp;quot;), \&amp;quot;bar stools\&amp;quot;)</message>
  <nestedLevel>1</nestedLevel>
  <property name="startLine">23</property>
  <property name="stepIndex">3</property>
</record>
<record>
  <date>2019-11-19T16:52:35</date>
  <millis>1574142755902</millis>
  <sequence>162</sequence>
  <level>PASSED</level>
  <class>com.kms.katalon.core.logging.XmlKeywordLogger</class>
  <method>logMessage</method>
  <thread>1</thread>
  <message>Text &amp;apos;bar stools&amp;apos; is set on object &amp;apos;Object Repository/search_functionality_barstools/Page_Furniture  Homewares Online at Beautif_0bdae4/input_keyword&amp;apos;</message>
  <nestedLevel>1</nestedLevel>
</record>
<record>
  <date>2019-11-19T16:52:35</date>
  <millis>1574142755904</millis>
  <sequence>163</sequence>
  <level>END</level>
  <class>com.kms.katalon.core.logging.XmlKeywordLogger</class>
  <method>endKeyword</method>
  <thread>1</thread>
  <message>End action : setText(findTestObject(\&amp;quot;Object Repository/search_functionality_barstools/Page_Furniture  Homewares Online at Beautif_0bdae4/input_keyword\&amp;quot;), \&amp;quot;bar stools\&amp;quot;)</message>
  <nestedLevel>1</nestedLevel>
</record>
<record>
  <date>2019-11-19T16:52:35</date>
  <millis>1574142755905</millis>
  <sequence>164</sequence>
  <level>START</level>
  <class>com.kms.katalon.core.logging.XmlKeywordLogger</class>
  <method>startKeyword</method>
  <thread>1</thread>
  <message>Start action : click(findTestObject(\&amp;quot;search_functionality_barstools/Page_Furniture  Homewares Online at Beautif_0bdae4/input_midtext fr wficonfont margin_sm_left\&amp;quot;))</message>
  <nestedLevel>1</nestedLevel>
  <property name="startLine">26</property>
  <property name="stepIndex">4</property>
</record>
<record>
  <date>2019-11-19T16:52:39</date>
  <millis>1574142759233</millis>
  <sequence>173</sequence>
  <level>PASSED</level>
  <class>com.kms.katalon.core.logging.XmlKeywordLogger</class>
  <method>logMessage</method>
  <thread>1</thread>
  <message>Object: &amp;apos;Object Repository/search_functionality_barstools/Page_Furniture  Homewares Online at Beautif_0bdae4/input_midtext fr wficonfont margin_sm_left&amp;apos; is clicked on</message>
  <nestedLevel>1</nestedLevel>
</record>
<record>
  <date>2019-11-19T16:52:39</date>
  <millis>1574142759233</millis>
  <sequence>174</sequence>
  <level>END</level>
  <class>com.kms.katalon.core.logging.XmlKeywordLogger</class>
  <method>endKeyword</method>
  <thread>1</thread>
  <message>End action : click(findTestObject(\&amp;quot;search_functionality_barstools/Page_Furniture  Homewares Online at Beautif_0bdae4/input_midtext fr wficonfont margin_sm_left\&amp;quot;))</message>
  <nestedLevel>1</nestedLevel>
</record>
<record>
  <date>2019-11-19T16:52:39</date>
  <millis>1574142759234</millis>
  <sequence>175</sequence>
  <level>START</level>
  <class>com.kms.katalon.core.logging.XmlKeywordLogger</class>
  <method>startKeyword</method>
  <thread>1</thread>
  <message>Start action : click(findTestObject(\&amp;quot;general/Page_Bar Stools  Temple  Webster/popupwindowcrossbutton\&amp;quot;), OPTIONAL)</message>
  <nestedLevel>1</nestedLevel>
  <property name="startLine">28</property>
  <property name="stepIndex">5</property>
</record>
<record>
  <date>2019-11-19T16:52:40</date>
  <millis>1574142760577</millis>
  <sequence>184</sequence>
  <level>PASSED</level>
  <class>com.kms.katalon.core.logging.XmlKeywordLogger</class>
  <method>logMessage</method>
  <thread>1</thread>
  <message>Object: &amp;apos;Object Repository/general/Page_Bar Stools  Temple  Webster/popupwindowcrossbutton&amp;apos; is clicked on</message>
  <nestedLevel>1</nestedLevel>
</record>
<record>
  <date>2019-11-19T16:52:40</date>
  <millis>1574142760577</millis>
  <sequence>185</sequence>
  <level>END</level>
  <class>com.kms.katalon.core.logging.XmlKeywordLogger</class>
  <method>endKeyword</method>
  <thread>1</thread>
  <message>End action : click(findTestObject(\&amp;quot;general/Page_Bar Stools  Temple  Webster/popupwindowcrossbutton\&amp;quot;), OPTIONAL)</message>
  <nestedLevel>1</nestedLevel>
</record>
<record>
  <date>2019-11-19T16:52:40</date>
  <millis>1574142760577</millis>
  <sequence>186</sequence>
  <level>START</level>
  <class>com.kms.katalon.core.logging.XmlKeywordLogger</class>
  <method>startKeyword</method>
  <thread>1</thread>
  <message>Start action : click(findTestObject(\&amp;quot;Object Repository/search_functionality_barstools/Page_Furniture  Homewares Online at Beautif_0bdae4/input_midtext fr wficonfont margin_sm_left\&amp;quot;))</message>
  <nestedLevel>1</nestedLevel>
  <property name="startLine">30</property>
  <property name="stepIndex">6</property>
</record>
<record>
  <date>2019-11-19T16:52:42</date>
  <millis>1574142762008</millis>
  <sequence>195</sequence>
  <level>PASSED</level>
  <class>com.kms.katalon.core.logging.XmlKeywordLogger</class>
  <method>logMessage</method>
  <thread>1</thread>
  <message>Object: &amp;apos;Object Repository/search_functionality_barstools/Page_Furniture  Homewares Online at Beautif_0bdae4/input_midtext fr wficonfont margin_sm_left&amp;apos; is clicked on</message>
  <nestedLevel>1</nestedLevel>
</record>
<record>
  <date>2019-11-19T16:52:42</date>
  <millis>1574142762009</millis>
  <sequence>196</sequence>
  <level>END</level>
  <class>com.kms.katalon.core.logging.XmlKeywordLogger</class>
  <method>endKeyword</method>
  <thread>1</thread>
  <message>End action : click(findTestObject(\&amp;quot;Object Repository/search_functionality_barstools/Page_Furniture  Homewares Online at Beautif_0bdae4/input_midtext fr wficonfont margin_sm_left\&amp;quot;))</message>
  <nestedLevel>1</nestedLevel>
</record>
<record>
  <date>2019-11-19T16:52:42</date>
  <millis>1574142762009</millis>
  <sequence>197</sequence>
  <level>START</level>
  <class>com.kms.katalon.core.logging.XmlKeywordLogger</class>
  <method>startKeyword</method>
  <thread>1</thread>
  <message>Start action : maximizeWindow()</message>
  <nestedLevel>1</nestedLevel>
  <property name="startLine">32</property>
  <property name="stepIndex">7</property>
</record>
<record>
  <date>2019-11-19T16:52:43</date>
  <millis>1574142763265</millis>
  <sequence>199</sequence>
  <level>PASSED</level>
  <class>com.kms.katalon.core.logging.XmlKeywordLogger</class>
  <method>logMessage</method>
  <thread>1</thread>
  <message>Current window maximized</message>
  <nestedLevel>1</nestedLevel>
</record>
<record>
  <date>2019-11-19T16:52:43</date>
  <millis>1574142763265</millis>
  <sequence>200</sequence>
  <level>END</level>
  <class>com.kms.katalon.core.logging.XmlKeywordLogger</class>
  <method>endKeyword</method>
  <thread>1</thread>
  <message>End action : maximizeWindow()</message>
  <nestedLevel>1</nestedLevel>
</record>
<record>
  <date>2019-11-19T16:52:43</date>
  <millis>1574142763265</millis>
  <sequence>201</sequence>
  <level>START</level>
  <class>com.kms.katalon.core.logging.XmlKeywordLogger</class>
  <method>startKeyword</method>
  <thread>1</thread>
  <message>Start action : click(findTestObject(\&amp;quot;general/Page_Bar Stools  Temple  Webster/popupwindowcrossbutton\&amp;quot;), OPTIONAL)</message>
  <nestedLevel>1</nestedLevel>
  <property name="startLine">34</property>
  <property name="stepIndex">8</property>
</record>
<record>
  <date>2019-11-19T16:53:14</date>
  <millis>1574142794742</millis>
  <sequence>212</sequence>
  <level>WARNING</level>
  <class>com.kms.katalon.core.logging.XmlKeywordLogger</class>
  <method>logMessage</method>
  <thread>1</thread>
  <message>Unable to click on object &amp;apos;Object Repository/general/Page_Bar Stools  Temple  Webster/popupwindowcrossbutton&amp;apos; (Root cause: com.kms.katalon.core.exception.StepFailedException: Unable to click on object &amp;apos;Object Repository/general/Page_Bar Stools  Temple  Webster/popupwindowcrossbutton&amp;apos;\r\n\tat com.kms.katalon.core.webui.keyword.internal.WebUIKeywordMain.stepFailed(WebUIKeywordMain.groovy:64)\r\n\tat com.kms.katalon.core.webui.keyword.internal.WebUIKeywordMain.runKeyword(WebUIKeywordMain.groovy:26)\r\n\tat com.kms.katalon.core.webui.keyword.builtin.ClickKeyword.click(ClickKeyword.groovy:79)\r\n\tat com.kms.katalon.core.webui.keyword.builtin.ClickKeyword.execute(ClickKeyword.groovy:42)\r\n\tat com.kms.katalon.core.keyword.internal.KeywordExecutor.executeKeywordForPlatform(KeywordExecutor.groovy:60)\r\n\tat com.kms.katalon.core.webui.keyword.WebUiBuiltInKeywords.click(WebUiBuiltInKeywords.groovy:604)\r\n\tat com.kms.katalon.core.webui.keyword.WebUiBuiltInKeywords$click$2.call(Unknown Source)\r\n\tat Search_functionality_barstools_IE.run(Search_functionality_barstools_IE:34)\r\n\tat com.kms.katalon.core.main.ScriptEngine.run(ScriptEngine.java:194)\r\n\tat com.kms.katalon.core.main.ScriptEngine.runScriptAsRawText(ScriptEngine.java:119)\r\n\tat com.kms.katalon.core.main.TestCaseExecutor.runScript(TestCaseExecutor.java:337)\r\n\tat com.kms.katalon.core.main.TestCaseExecutor.doExecute(TestCaseExecutor.java:328)\r\n\tat com.kms.katalon.core.main.TestCaseExecutor.processExecutionPhase(TestCaseExecutor.java:307)\r\n\tat com.kms.katalon.core.main.TestCaseExecutor.accessMainPhase(TestCaseExecutor.java:299)\r\n\tat com.kms.katalon.core.main.TestCaseExecutor.execute(TestCaseExecutor.java:233)\r\n\tat com.kms.katalon.core.main.TestSuiteExecutor.accessTestCaseMainPhase(TestSuiteExecutor.java:169)\r\n\tat com.kms.katalon.core.main.TestSuiteExecutor.accessTestSuiteMainPhase(TestSuiteExecutor.java:142)\r\n\tat com.kms.katalon.core.main.TestSuiteExecutor.execute(TestSuiteExecutor.java:91)\r\n\tat com.kms.katalon.core.main.TestCaseMain.startTestSuite(TestCaseMain.java:157)\r\n\tat com.kms.katalon.core.main.TestCaseMain$startTestSuite$0.call(Unknown Source)\r\n\tat TempTestSuite1574142706924.run(TempTestSuite1574142706924.groovy:36)\r\nCaused by: org.openqa.selenium.TimeoutException: Expected condition failed: waiting for element to be clickable: [[CRemoteWebDriver: chrome on WINDOWS (5bc6a612c5f894471f785b3f97fdd90ab989a672)] -&amp;gt; xpath: //span[@id=&amp;apos;fb-close&amp;apos;]] (tried for 30 second(s) with 500 milliseconds interval)\nBuild info: version: &amp;apos;3.141.59&amp;apos;, revision: &amp;apos;e82be7d358&amp;apos;, time: &amp;apos;2018-11-14T08:25:53&amp;apos;\nSystem info: host: &amp;apos;TWNB112&amp;apos;, ip: &amp;apos;192.168.33.126&amp;apos;, os.name: &amp;apos;Windows 10&amp;apos;, os.arch: &amp;apos;amd64&amp;apos;, os.version: &amp;apos;10.0&amp;apos;, java.version: &amp;apos;1.8.0_181&amp;apos;\nDriver info: com.kms.katalon.core.webui.driver.SmartWaitWebDriver\nCapabilities {acceptInsecureCerts: false, acceptSslCerts: false, applicationCacheEnabled: false, browserConnectionEnabled: false, browserName: chrome, chrome: {chromedriverVersion: 2.36.540470 (e522d04694c7eb..., userDataDir: C:\\Windows\\proxy\\scoped_dir...}, cssSelectorsEnabled: true, databaseEnabled: false, handlesAlerts: true, hasTouchScreen: false, javascriptEnabled: true, locationContextEnabled: true, mobileEmulationEnabled: false, nativeEvents: true, networkConnectionEnabled: false, pageLoadStrategy: normal, platform: WINDOWS, platformName: WINDOWS, rotatable: false, setWindowRect: true, takesHeapSnapshot: true, takesScreenshot: true, unexpectedAlertBehaviour: , unhandledPromptBehavior: , version: 65.0.3325.146, webStorageEnabled: true, webdriver.remote.sessionid: 5bc6a612c5f894471f785b3f97f...}\nSession ID: 5bc6a612c5f894471f785b3f97fdd90ab989a672\r\n\tat org.openqa.selenium.support.ui.WebDriverWait.timeoutException(WebDriverWait.java:95)\r\n\tat org.openqa.selenium.support.ui.FluentWait.until(FluentWait.java:272)\r\n\tat com.kms.katalon.core.webui.keyword.builtin.ClickKeyword$_click_closure1.doCall(ClickKeyword.groovy:56)\r\n\tat com.kms.katalon.core.webui.keyword.builtin.ClickKeyword$_click_closure1.call(ClickKeyword.groovy)\r\n\tat com.kms.katalon.core.webui.keyword.internal.WebUIKeywordMain.runKeyword(WebUIKeywordMain.groovy:20)\r\n\tat com.kms.katalon.core.webui.keyword.builtin.ClickKeyword.click(ClickKeyword.groovy:79)\r\n\tat com.kms.katalon.core.webui.keyword.builtin.ClickKeyword.execute(ClickKeyword.groovy:42)\r\n\tat com.kms.katalon.core.keyword.internal.KeywordExecutor.executeKeywordForPlatform(KeywordExecutor.groovy:60)\r\n\tat com.kms.katalon.core.webui.keyword.WebUiBuiltInKeywords.click(WebUiBuiltInKeywords.groovy:604)\r\n\tat com.kms.katalon.core.webui.keyword.WebUiBuiltInKeywords$click$2.call(Unknown Source)\r\n\tat Script1574137922953.run(Script1574137922953.groovy:34)\r\n\t... 13 more\r\n)</message>
  <nestedLevel>1</nestedLevel>
  <property name="failed.exception.class">org.openqa.selenium.TimeoutException</property>
  <property name="attachment">1574142794118.png</property>
  <property name="failed.exception.stacktrace">org.openqa.selenium.TimeoutException: Expected condition failed: waiting for element to be clickable: [[CRemoteWebDriver: chrome on WINDOWS (5bc6a612c5f894471f785b3f97fdd90ab989a672)] -&gt; xpath: //span[@id=&apos;fb-close&apos;]] (tried for 30 second(s) with 500 milliseconds interval)\nBuild info: version: &apos;3.141.59&apos;, revision: &apos;e82be7d358&apos;, time: &apos;2018-11-14T08:25:53&apos;\nSystem info: host: &apos;TWNB112&apos;, ip: &apos;192.168.33.126&apos;, os.name: &apos;Windows 10&apos;, os.arch: &apos;amd64&apos;, os.version: &apos;10.0&apos;, java.version: &apos;1.8.0_181&apos;\nDriver info: com.kms.katalon.core.webui.driver.SmartWaitWebDriver\nCapabilities {acceptInsecureCerts: false, acceptSslCerts: false, applicationCacheEnabled: false, browserConnectionEnabled: false, browserName: chrome, chrome: {chromedriverVersion: 2.36.540470 (e522d04694c7eb..., userDataDir: C:\\Windows\\proxy\\scoped_dir...}, cssSelectorsEnabled: true, databaseEnabled: false, handlesAlerts: true, hasTouchScreen: false, javascriptEnabled: true, locationContextEnabled: true, mobileEmulationEnabled: false, nativeEvents: true, networkConnectionEnabled: false, pageLoadStrategy: normal, platform: WINDOWS, platformName: WINDOWS, rotatable: false, setWindowRect: true, takesHeapSnapshot: true, takesScreenshot: true, unexpectedAlertBehaviour: , unhandledPromptBehavior: , version: 65.0.3325.146, webStorageEnabled: true, webdriver.remote.sessionid: 5bc6a612c5f894471f785b3f97f...}\nSession ID: 5bc6a612c5f894471f785b3f97fdd90ab989a672\r\n\tat org.openqa.selenium.support.ui.WebDriverWait.timeoutException(WebDriverWait.java:95)\r\n\tat org.openqa.selenium.support.ui.FluentWait.until(FluentWait.java:272)\r\n\tat com.kms.katalon.core.webui.keyword.builtin.ClickKeyword$_click_closure1.doCall(ClickKeyword.groovy:56)\r\n\tat com.kms.katalon.core.webui.keyword.builtin.ClickKeyword$_click_closure1.call(ClickKeyword.groovy)\r\n\tat com.kms.katalon.core.webui.keyword.internal.WebUIKeywordMain.runKeyword(WebUIKeywordMain.groovy:20)\r\n\tat com.kms.katalon.core.webui.keyword.builtin.ClickKeyword.click(ClickKeyword.groovy:79)\r\n\tat com.kms.katalon.core.webui.keyword.builtin.ClickKeyword.execute(ClickKeyword.groovy:42)\r\n\tat com.kms.katalon.core.keyword.internal.KeywordExecutor.executeKeywordForPlatform(KeywordExecutor.groovy:60)\r\n\tat com.kms.katalon.core.webui.keyword.WebUiBuiltInKeywords.click(WebUiBuiltInKeywords.groovy:604)\r\n\tat com.kms.katalon.core.webui.keyword.WebUiBuiltInKeywords$click$2.call(Unknown Source)\r\n\tat Search_functionality_barstools_IE.run(Search_functionality_barstools_IE:34)\r\n\tat com.kms.katalon.core.main.ScriptEngine.run(ScriptEngine.java:194)\r\n\tat com.kms.katalon.core.main.ScriptEngine.runScriptAsRawText(ScriptEngine.java:119)\r\n\tat com.kms.katalon.core.main.TestCaseExecutor.runScript(TestCaseExecutor.java:337)\r\n\tat com.kms.katalon.core.main.TestCaseExecutor.doExecute(TestCaseExecutor.java:328)\r\n\tat com.kms.katalon.core.main.TestCaseExecutor.processExecutionPhase(TestCaseExecutor.java:307)\r\n\tat com.kms.katalon.core.main.TestCaseExecutor.accessMainPhase(TestCaseExecutor.java:299)\r\n\tat com.kms.katalon.core.main.TestCaseExecutor.execute(TestCaseExecutor.java:233)\r\n\tat com.kms.katalon.core.main.TestSuiteExecutor.accessTestCaseMainPhase(TestSuiteExecutor.java:169)\r\n\tat com.kms.katalon.core.main.TestSuiteExecutor.accessTestSuiteMainPhase(TestSuiteExecutor.java:142)\r\n\tat com.kms.katalon.core.main.TestSuiteExecutor.execute(TestSuiteExecutor.java:91)\r\n\tat com.kms.katalon.core.main.TestCaseMain.startTestSuite(TestCaseMain.java:157)\r\n\tat com.kms.katalon.core.main.TestCaseMain$startTestSuite$0.call(Unknown Source)\r\n\tat TempTestSuite1574142706924.run(TempTestSuite1574142706924.groovy:36)\r\n</property>
  <property name="failed.exception.message">Expected condition failed: waiting for element to be clickable: [[CRemoteWebDriver: chrome on WINDOWS (5bc6a612c5f894471f785b3f97fdd90ab989a672)] -&gt; xpath: //span[@id=&apos;fb-close&apos;]] (tried for 30 second(s) with 500 milliseconds interval)\nBuild info: version: &apos;3.141.59&apos;, revision: &apos;e82be7d358&apos;, time: &apos;2018-11-14T08:25:53&apos;\nSystem info: host: &apos;TWNB112&apos;, ip: &apos;192.168.33.126&apos;, os.name: &apos;Windows 10&apos;, os.arch: &apos;amd64&apos;, os.version: &apos;10.0&apos;, java.version: &apos;1.8.0_181&apos;\nDriver info: com.kms.katalon.core.webui.driver.SmartWaitWebDriver\nCapabilities {acceptInsecureCerts: false, acceptSslCerts: false, applicationCacheEnabled: false, browserConnectionEnabled: false, browserName: chrome, chrome: {chromedriverVersion: 2.36.540470 (e522d04694c7eb..., userDataDir: C:\\Windows\\proxy\\scoped_dir...}, cssSelectorsEnabled: true, databaseEnabled: false, handlesAlerts: true, hasTouchScreen: false, javascriptEnabled: true, locationContextEnabled: true, mobileEmulationEnabled: false, nativeEvents: true, networkConnectionEnabled: false, pageLoadStrategy: normal, platform: WINDOWS, platformName: WINDOWS, rotatable: false, setWindowRect: true, takesHeapSnapshot: true, takesScreenshot: true, unexpectedAlertBehaviour: , unhandledPromptBehavior: , version: 65.0.3325.146, webStorageEnabled: true, webdriver.remote.sessionid: 5bc6a612c5f894471f785b3f97f...}\nSession ID: 5bc6a612c5f894471f785b3f97fdd90ab989a672</property>
</record>
<record>
  <date>2019-11-19T16:53:14</date>
  <millis>1574142794744</millis>
  <sequence>213</sequence>
  <level>END</level>
  <class>com.kms.katalon.core.logging.XmlKeywordLogger</class>
  <method>endKeyword</method>
  <thread>1</thread>
  <message>End action : click(findTestObject(\&amp;quot;general/Page_Bar Stools  Temple  Webster/popupwindowcrossbutton\&amp;quot;), OPTIONAL)</message>
  <nestedLevel>1</nestedLevel>
</record>
<record>
  <date>2019-11-19T16:53:14</date>
  <millis>1574142794744</millis>
  <sequence>214</sequence>
  <level>START</level>
  <class>com.kms.katalon.core.logging.XmlKeywordLogger</class>
  <method>startKeyword</method>
  <thread>1</thread>
  <message>Start action : scrollToPosition(300, 400)</message>
  <nestedLevel>1</nestedLevel>
  <property name="startLine">36</property>
  <property name="stepIndex">9</property>
</record>
<record>
  <date>2019-11-19T16:53:14</date>
  <millis>1574142794824</millis>
  <sequence>218</sequence>
  <level>PASSED</level>
  <class>com.kms.katalon.core.logging.XmlKeywordLogger</class>
  <method>logMessage</method>
  <thread>1</thread>
  <message>Browser is scrolled to position x = 300, y = 400</message>
  <nestedLevel>1</nestedLevel>
</record>
<record>
  <date>2019-11-19T16:53:14</date>
  <millis>1574142794825</millis>
  <sequence>219</sequence>
  <level>END</level>
  <class>com.kms.katalon.core.logging.XmlKeywordLogger</class>
  <method>endKeyword</method>
  <thread>1</thread>
  <message>End action : scrollToPosition(300, 400)</message>
  <nestedLevel>1</nestedLevel>
</record>
<record>
  <date>2019-11-19T16:53:14</date>
  <millis>1574142794825</millis>
  <sequence>220</sequence>
  <level>START</level>
  <class>com.kms.katalon.core.logging.XmlKeywordLogger</class>
  <method>startKeyword</method>
  <thread>1</thread>
  <message>Start action : click(findTestObject(\&amp;quot;general/Page_Bar Stools  Temple  Webster/popupwindowcrossbutton\&amp;quot;), OPTIONAL)</message>
  <nestedLevel>1</nestedLevel>
  <property name="startLine">38</property>
  <property name="stepIndex">10</property>
</record>
<record>
  <date>2019-11-19T16:53:46</date>
  <millis>1574142826230</millis>
  <sequence>231</sequence>
  <level>WARNING</level>
  <class>com.kms.katalon.core.logging.XmlKeywordLogger</class>
  <method>logMessage</method>
  <thread>1</thread>
  <message>Unable to click on object &amp;apos;Object Repository/general/Page_Bar Stools  Temple  Webster/popupwindowcrossbutton&amp;apos; (Root cause: com.kms.katalon.core.exception.StepFailedException: Unable to click on object &amp;apos;Object Repository/general/Page_Bar Stools  Temple  Webster/popupwindowcrossbutton&amp;apos;\r\n\tat com.kms.katalon.core.webui.keyword.internal.WebUIKeywordMain.stepFailed(WebUIKeywordMain.groovy:64)\r\n\tat com.kms.katalon.core.webui.keyword.internal.WebUIKeywordMain.runKeyword(WebUIKeywordMain.groovy:26)\r\n\tat com.kms.katalon.core.webui.keyword.builtin.ClickKeyword.click(ClickKeyword.groovy:79)\r\n\tat com.kms.katalon.core.webui.keyword.builtin.ClickKeyword.execute(ClickKeyword.groovy:42)\r\n\tat com.kms.katalon.core.keyword.internal.KeywordExecutor.executeKeywordForPlatform(KeywordExecutor.groovy:60)\r\n\tat com.kms.katalon.core.webui.keyword.WebUiBuiltInKeywords.click(WebUiBuiltInKeywords.groovy:604)\r\n\tat com.kms.katalon.core.webui.keyword.WebUiBuiltInKeywords$click$2.call(Unknown Source)\r\n\tat Search_functionality_barstools_IE.run(Search_functionality_barstools_IE:38)\r\n\tat com.kms.katalon.core.main.ScriptEngine.run(ScriptEngine.java:194)\r\n\tat com.kms.katalon.core.main.ScriptEngine.runScriptAsRawText(ScriptEngine.java:119)\r\n\tat com.kms.katalon.core.main.TestCaseExecutor.runScript(TestCaseExecutor.java:337)\r\n\tat com.kms.katalon.core.main.TestCaseExecutor.doExecute(TestCaseExecutor.java:328)\r\n\tat com.kms.katalon.core.main.TestCaseExecutor.processExecutionPhase(TestCaseExecutor.java:307)\r\n\tat com.kms.katalon.core.main.TestCaseExecutor.accessMainPhase(TestCaseExecutor.java:299)\r\n\tat com.kms.katalon.core.main.TestCaseExecutor.execute(TestCaseExecutor.java:233)\r\n\tat com.kms.katalon.core.main.TestSuiteExecutor.accessTestCaseMainPhase(TestSuiteExecutor.java:169)\r\n\tat com.kms.katalon.core.main.TestSuiteExecutor.accessTestSuiteMainPhase(TestSuiteExecutor.java:142)\r\n\tat com.kms.katalon.core.main.TestSuiteExecutor.execute(TestSuiteExecutor.java:91)\r\n\tat com.kms.katalon.core.main.TestCaseMain.startTestSuite(TestCaseMain.java:157)\r\n\tat com.kms.katalon.core.main.TestCaseMain$startTestSuite$0.call(Unknown Source)\r\n\tat TempTestSuite1574142706924.run(TempTestSuite1574142706924.groovy:36)\r\nCaused by: org.openqa.selenium.TimeoutException: Expected condition failed: waiting for element to be clickable: [[CRemoteWebDriver: chrome on WINDOWS (5bc6a612c5f894471f785b3f97fdd90ab989a672)] -&amp;gt; xpath: //span[@id=&amp;apos;fb-close&amp;apos;]] (tried for 30 second(s) with 500 milliseconds interval)\nBuild info: version: &amp;apos;3.141.59&amp;apos;, revision: &amp;apos;e82be7d358&amp;apos;, time: &amp;apos;2018-11-14T08:25:53&amp;apos;\nSystem info: host: &amp;apos;TWNB112&amp;apos;, ip: &amp;apos;192.168.33.126&amp;apos;, os.name: &amp;apos;Windows 10&amp;apos;, os.arch: &amp;apos;amd64&amp;apos;, os.version: &amp;apos;10.0&amp;apos;, java.version: &amp;apos;1.8.0_181&amp;apos;\nDriver info: com.kms.katalon.core.webui.driver.SmartWaitWebDriver\nCapabilities {acceptInsecureCerts: false, acceptSslCerts: false, applicationCacheEnabled: false, browserConnectionEnabled: false, browserName: chrome, chrome: {chromedriverVersion: 2.36.540470 (e522d04694c7eb..., userDataDir: C:\\Windows\\proxy\\scoped_dir...}, cssSelectorsEnabled: true, databaseEnabled: false, handlesAlerts: true, hasTouchScreen: false, javascriptEnabled: true, locationContextEnabled: true, mobileEmulationEnabled: false, nativeEvents: true, networkConnectionEnabled: false, pageLoadStrategy: normal, platform: WINDOWS, platformName: WINDOWS, rotatable: false, setWindowRect: true, takesHeapSnapshot: true, takesScreenshot: true, unexpectedAlertBehaviour: , unhandledPromptBehavior: , version: 65.0.3325.146, webStorageEnabled: true, webdriver.remote.sessionid: 5bc6a612c5f894471f785b3f97f...}\nSession ID: 5bc6a612c5f894471f785b3f97fdd90ab989a672\r\n\tat org.openqa.selenium.support.ui.WebDriverWait.timeoutException(WebDriverWait.java:95)\r\n\tat org.openqa.selenium.support.ui.FluentWait.until(FluentWait.java:272)\r\n\tat com.kms.katalon.core.webui.keyword.builtin.ClickKeyword$_click_closure1.doCall(ClickKeyword.groovy:56)\r\n\tat com.kms.katalon.core.webui.keyword.builtin.ClickKeyword$_click_closure1.call(ClickKeyword.groovy)\r\n\tat com.kms.katalon.core.webui.keyword.internal.WebUIKeywordMain.runKeyword(WebUIKeywordMain.groovy:20)\r\n\tat com.kms.katalon.core.webui.keyword.builtin.ClickKeyword.click(ClickKeyword.groovy:79)\r\n\tat com.kms.katalon.core.webui.keyword.builtin.ClickKeyword.execute(ClickKeyword.groovy:42)\r\n\tat com.kms.katalon.core.keyword.internal.KeywordExecutor.executeKeywordForPlatform(KeywordExecutor.groovy:60)\r\n\tat com.kms.katalon.core.webui.keyword.WebUiBuiltInKeywords.click(WebUiBuiltInKeywords.groovy:604)\r\n\tat com.kms.katalon.core.webui.keyword.WebUiBuiltInKeywords$click$2.call(Unknown Source)\r\n\tat Script1574137922953.run(Script1574137922953.groovy:38)\r\n\t... 13 more\r\n)</message>
  <nestedLevel>1</nestedLevel>
  <property name="failed.exception.class">org.openqa.selenium.TimeoutException</property>
  <property name="attachment">1574142825675.png</property>
  <property name="failed.exception.stacktrace">org.openqa.selenium.TimeoutException: Expected condition failed: waiting for element to be clickable: [[CRemoteWebDriver: chrome on WINDOWS (5bc6a612c5f894471f785b3f97fdd90ab989a672)] -&gt; xpath: //span[@id=&apos;fb-close&apos;]] (tried for 30 second(s) with 500 milliseconds interval)\nBuild info: version: &apos;3.141.59&apos;, revision: &apos;e82be7d358&apos;, time: &apos;2018-11-14T08:25:53&apos;\nSystem info: host: &apos;TWNB112&apos;, ip: &apos;192.168.33.126&apos;, os.name: &apos;Windows 10&apos;, os.arch: &apos;amd64&apos;, os.version: &apos;10.0&apos;, java.version: &apos;1.8.0_181&apos;\nDriver info: com.kms.katalon.core.webui.driver.SmartWaitWebDriver\nCapabilities {acceptInsecureCerts: false, acceptSslCerts: false, applicationCacheEnabled: false, browserConnectionEnabled: false, browserName: chrome, chrome: {chromedriverVersion: 2.36.540470 (e522d04694c7eb..., userDataDir: C:\\Windows\\proxy\\scoped_dir...}, cssSelectorsEnabled: true, databaseEnabled: false, handlesAlerts: true, hasTouchScreen: false, javascriptEnabled: true, locationContextEnabled: true, mobileEmulationEnabled: false, nativeEvents: true, networkConnectionEnabled: false, pageLoadStrategy: normal, platform: WINDOWS, platformName: WINDOWS, rotatable: false, setWindowRect: true, takesHeapSnapshot: true, takesScreenshot: true, unexpectedAlertBehaviour: , unhandledPromptBehavior: , version: 65.0.3325.146, webStorageEnabled: true, webdriver.remote.sessionid: 5bc6a612c5f894471f785b3f97f...}\nSession ID: 5bc6a612c5f894471f785b3f97fdd90ab989a672\r\n\tat org.openqa.selenium.support.ui.WebDriverWait.timeoutException(WebDriverWait.java:95)\r\n\tat org.openqa.selenium.support.ui.FluentWait.until(FluentWait.java:272)\r\n\tat com.kms.katalon.core.webui.keyword.builtin.ClickKeyword$_click_closure1.doCall(ClickKeyword.groovy:56)\r\n\tat com.kms.katalon.core.webui.keyword.builtin.ClickKeyword$_click_closure1.call(ClickKeyword.groovy)\r\n\tat com.kms.katalon.core.webui.keyword.internal.WebUIKeywordMain.runKeyword(WebUIKeywordMain.groovy:20)\r\n\tat com.kms.katalon.core.webui.keyword.builtin.ClickKeyword.click(ClickKeyword.groovy:79)\r\n\tat com.kms.katalon.core.webui.keyword.builtin.ClickKeyword.execute(ClickKeyword.groovy:42)\r\n\tat com.kms.katalon.core.keyword.internal.KeywordExecutor.executeKeywordForPlatform(KeywordExecutor.groovy:60)\r\n\tat com.kms.katalon.core.webui.keyword.WebUiBuiltInKeywords.click(WebUiBuiltInKeywords.groovy:604)\r\n\tat com.kms.katalon.core.webui.keyword.WebUiBuiltInKeywords$click$2.call(Unknown Source)\r\n\tat Search_functionality_barstools_IE.run(Search_functionality_barstools_IE:38)\r\n\tat com.kms.katalon.core.main.ScriptEngine.run(ScriptEngine.java:194)\r\n\tat com.kms.katalon.core.main.ScriptEngine.runScriptAsRawText(ScriptEngine.java:119)\r\n\tat com.kms.katalon.core.main.TestCaseExecutor.runScript(TestCaseExecutor.java:337)\r\n\tat com.kms.katalon.core.main.TestCaseExecutor.doExecute(TestCaseExecutor.java:328)\r\n\tat com.kms.katalon.core.main.TestCaseExecutor.processExecutionPhase(TestCaseExecutor.java:307)\r\n\tat com.kms.katalon.core.main.TestCaseExecutor.accessMainPhase(TestCaseExecutor.java:299)\r\n\tat com.kms.katalon.core.main.TestCaseExecutor.execute(TestCaseExecutor.java:233)\r\n\tat com.kms.katalon.core.main.TestSuiteExecutor.accessTestCaseMainPhase(TestSuiteExecutor.java:169)\r\n\tat com.kms.katalon.core.main.TestSuiteExecutor.accessTestSuiteMainPhase(TestSuiteExecutor.java:142)\r\n\tat com.kms.katalon.core.main.TestSuiteExecutor.execute(TestSuiteExecutor.java:91)\r\n\tat com.kms.katalon.core.main.TestCaseMain.startTestSuite(TestCaseMain.java:157)\r\n\tat com.kms.katalon.core.main.TestCaseMain$startTestSuite$0.call(Unknown Source)\r\n\tat TempTestSuite1574142706924.run(TempTestSuite1574142706924.groovy:36)\r\n</property>
  <property name="failed.exception.message">Expected condition failed: waiting for element to be clickable: [[CRemoteWebDriver: chrome on WINDOWS (5bc6a612c5f894471f785b3f97fdd90ab989a672)] -&gt; xpath: //span[@id=&apos;fb-close&apos;]] (tried for 30 second(s) with 500 milliseconds interval)\nBuild info: version: &apos;3.141.59&apos;, revision: &apos;e82be7d358&apos;, time: &apos;2018-11-14T08:25:53&apos;\nSystem info: host: &apos;TWNB112&apos;, ip: &apos;192.168.33.126&apos;, os.name: &apos;Windows 10&apos;, os.arch: &apos;amd64&apos;, os.version: &apos;10.0&apos;, java.version: &apos;1.8.0_181&apos;\nDriver info: com.kms.katalon.core.webui.driver.SmartWaitWebDriver\nCapabilities {acceptInsecureCerts: false, acceptSslCerts: false, applicationCacheEnabled: false, browserConnectionEnabled: false, browserName: chrome, chrome: {chromedriverVersion: 2.36.540470 (e522d04694c7eb..., userDataDir: C:\\Windows\\proxy\\scoped_dir...}, cssSelectorsEnabled: true, databaseEnabled: false, handlesAlerts: true, hasTouchScreen: false, javascriptEnabled: true, locationContextEnabled: true, mobileEmulationEnabled: false, nativeEvents: true, networkConnectionEnabled: false, pageLoadStrategy: normal, platform: WINDOWS, platformName: WINDOWS, rotatable: false, setWindowRect: true, takesHeapSnapshot: true, takesScreenshot: true, unexpectedAlertBehaviour: , unhandledPromptBehavior: , version: 65.0.3325.146, webStorageEnabled: true, webdriver.remote.sessionid: 5bc6a612c5f894471f785b3f97f...}\nSession ID: 5bc6a612c5f894471f785b3f97fdd90ab989a672</property>
</record>
<record>
  <date>2019-11-19T16:53:46</date>
  <millis>1574142826231</millis>
  <sequence>232</sequence>
  <level>END</level>
  <class>com.kms.katalon.core.logging.XmlKeywordLogger</class>
  <method>endKeyword</method>
  <thread>1</thread>
  <message>End action : click(findTestObject(\&amp;quot;general/Page_Bar Stools  Temple  Webster/popupwindowcrossbutton\&amp;quot;), OPTIONAL)</message>
  <nestedLevel>1</nestedLevel>
</record>
<record>
  <date>2019-11-19T16:53:46</date>
  <millis>1574142826232</millis>
  <sequence>233</sequence>
  <level>START</level>
  <class>com.kms.katalon.core.logging.XmlKeywordLogger</class>
  <method>startKeyword</method>
  <thread>1</thread>
  <message>Start action : click(findTestObject(\&amp;quot;Page_Bar Stools  Temple  Webster/white colour\&amp;quot;))</message>
  <nestedLevel>1</nestedLevel>
  <property name="startLine">40</property>
  <property name="stepIndex">11</property>
</record>
<record>
  <date>2019-11-19T16:53:47</date>
  <millis>1574142827403</millis>
  <sequence>242</sequence>
  <level>PASSED</level>
  <class>com.kms.katalon.core.logging.XmlKeywordLogger</class>
  <method>logMessage</method>
  <thread>1</thread>
  <message>Object: &amp;apos;Object Repository/Page_Bar Stools  Temple  Webster/white colour&amp;apos; is clicked on</message>
  <nestedLevel>1</nestedLevel>
</record>
<record>
  <date>2019-11-19T16:53:47</date>
  <millis>1574142827405</millis>
  <sequence>243</sequence>
  <level>END</level>
  <class>com.kms.katalon.core.logging.XmlKeywordLogger</class>
  <method>endKeyword</method>
  <thread>1</thread>
  <message>End action : click(findTestObject(\&amp;quot;Page_Bar Stools  Temple  Webster/white colour\&amp;quot;))</message>
  <nestedLevel>1</nestedLevel>
</record>
<record>
  <date>2019-11-19T16:53:47</date>
  <millis>1574142827406</millis>
  <sequence>244</sequence>
  <level>START</level>
  <class>com.kms.katalon.core.logging.XmlKeywordLogger</class>
  <method>startKeyword</method>
  <thread>1</thread>
  <message>Start action : click(findTestObject(\&amp;quot;general/Page_Bar Stools  Temple  Webster/popupwindowcrossbutton\&amp;quot;), OPTIONAL)</message>
  <nestedLevel>1</nestedLevel>
  <property name="startLine">42</property>
  <property name="stepIndex">12</property>
</record>
<record>
  <date>2019-11-19T16:54:18</date>
  <millis>1574142858974</millis>
  <sequence>255</sequence>
  <level>WARNING</level>
  <class>com.kms.katalon.core.logging.XmlKeywordLogger</class>
  <method>logMessage</method>
  <thread>1</thread>
  <message>Unable to click on object &amp;apos;Object Repository/general/Page_Bar Stools  Temple  Webster/popupwindowcrossbutton&amp;apos; (Root cause: com.kms.katalon.core.exception.StepFailedException: Unable to click on object &amp;apos;Object Repository/general/Page_Bar Stools  Temple  Webster/popupwindowcrossbutton&amp;apos;\r\n\tat com.kms.katalon.core.webui.keyword.internal.WebUIKeywordMain.stepFailed(WebUIKeywordMain.groovy:64)\r\n\tat com.kms.katalon.core.webui.keyword.internal.WebUIKeywordMain.runKeyword(WebUIKeywordMain.groovy:26)\r\n\tat com.kms.katalon.core.webui.keyword.builtin.ClickKeyword.click(ClickKeyword.groovy:79)\r\n\tat com.kms.katalon.core.webui.keyword.builtin.ClickKeyword.execute(ClickKeyword.groovy:42)\r\n\tat com.kms.katalon.core.keyword.internal.KeywordExecutor.executeKeywordForPlatform(KeywordExecutor.groovy:60)\r\n\tat com.kms.katalon.core.webui.keyword.WebUiBuiltInKeywords.click(WebUiBuiltInKeywords.groovy:604)\r\n\tat com.kms.katalon.core.webui.keyword.WebUiBuiltInKeywords$click$2.call(Unknown Source)\r\n\tat Search_functionality_barstools_IE.run(Search_functionality_barstools_IE:42)\r\n\tat com.kms.katalon.core.main.ScriptEngine.run(ScriptEngine.java:194)\r\n\tat com.kms.katalon.core.main.ScriptEngine.runScriptAsRawText(ScriptEngine.java:119)\r\n\tat com.kms.katalon.core.main.TestCaseExecutor.runScript(TestCaseExecutor.java:337)\r\n\tat com.kms.katalon.core.main.TestCaseExecutor.doExecute(TestCaseExecutor.java:328)\r\n\tat com.kms.katalon.core.main.TestCaseExecutor.processExecutionPhase(TestCaseExecutor.java:307)\r\n\tat com.kms.katalon.core.main.TestCaseExecutor.accessMainPhase(TestCaseExecutor.java:299)\r\n\tat com.kms.katalon.core.main.TestCaseExecutor.execute(TestCaseExecutor.java:233)\r\n\tat com.kms.katalon.core.main.TestSuiteExecutor.accessTestCaseMainPhase(TestSuiteExecutor.java:169)\r\n\tat com.kms.katalon.core.main.TestSuiteExecutor.accessTestSuiteMainPhase(TestSuiteExecutor.java:142)\r\n\tat com.kms.katalon.core.main.TestSuiteExecutor.execute(TestSuiteExecutor.java:91)\r\n\tat com.kms.katalon.core.main.TestCaseMain.startTestSuite(TestCaseMain.java:157)\r\n\tat com.kms.katalon.core.main.TestCaseMain$startTestSuite$0.call(Unknown Source)\r\n\tat TempTestSuite1574142706924.run(TempTestSuite1574142706924.groovy:36)\r\nCaused by: org.openqa.selenium.TimeoutException: Expected condition failed: waiting for element to be clickable: [[CRemoteWebDriver: chrome on WINDOWS (5bc6a612c5f894471f785b3f97fdd90ab989a672)] -&amp;gt; xpath: //span[@id=&amp;apos;fb-close&amp;apos;]] (tried for 30 second(s) with 500 milliseconds interval)\nBuild info: version: &amp;apos;3.141.59&amp;apos;, revision: &amp;apos;e82be7d358&amp;apos;, time: &amp;apos;2018-11-14T08:25:53&amp;apos;\nSystem info: host: &amp;apos;TWNB112&amp;apos;, ip: &amp;apos;192.168.33.126&amp;apos;, os.name: &amp;apos;Windows 10&amp;apos;, os.arch: &amp;apos;amd64&amp;apos;, os.version: &amp;apos;10.0&amp;apos;, java.version: &amp;apos;1.8.0_181&amp;apos;\nDriver info: com.kms.katalon.core.webui.driver.SmartWaitWebDriver\nCapabilities {acceptInsecureCerts: false, acceptSslCerts: false, applicationCacheEnabled: false, browserConnectionEnabled: false, browserName: chrome, chrome: {chromedriverVersion: 2.36.540470 (e522d04694c7eb..., userDataDir: C:\\Windows\\proxy\\scoped_dir...}, cssSelectorsEnabled: true, databaseEnabled: false, handlesAlerts: true, hasTouchScreen: false, javascriptEnabled: true, locationContextEnabled: true, mobileEmulationEnabled: false, nativeEvents: true, networkConnectionEnabled: false, pageLoadStrategy: normal, platform: WINDOWS, platformName: WINDOWS, rotatable: false, setWindowRect: true, takesHeapSnapshot: true, takesScreenshot: true, unexpectedAlertBehaviour: , unhandledPromptBehavior: , version: 65.0.3325.146, webStorageEnabled: true, webdriver.remote.sessionid: 5bc6a612c5f894471f785b3f97f...}\nSession ID: 5bc6a612c5f894471f785b3f97fdd90ab989a672\r\n\tat org.openqa.selenium.support.ui.WebDriverWait.timeoutException(WebDriverWait.java:95)\r\n\tat org.openqa.selenium.support.ui.FluentWait.until(FluentWait.java:272)\r\n\tat com.kms.katalon.core.webui.keyword.builtin.ClickKeyword$_click_closure1.doCall(ClickKeyword.groovy:56)\r\n\tat com.kms.katalon.core.webui.keyword.builtin.ClickKeyword$_click_closure1.call(ClickKeyword.groovy)\r\n\tat com.kms.katalon.core.webui.keyword.internal.WebUIKeywordMain.runKeyword(WebUIKeywordMain.groovy:20)\r\n\tat com.kms.katalon.core.webui.keyword.builtin.ClickKeyword.click(ClickKeyword.groovy:79)\r\n\tat com.kms.katalon.core.webui.keyword.builtin.ClickKeyword.execute(ClickKeyword.groovy:42)\r\n\tat com.kms.katalon.core.keyword.internal.KeywordExecutor.executeKeywordForPlatform(KeywordExecutor.groovy:60)\r\n\tat com.kms.katalon.core.webui.keyword.WebUiBuiltInKeywords.click(WebUiBuiltInKeywords.groovy:604)\r\n\tat com.kms.katalon.core.webui.keyword.WebUiBuiltInKeywords$click$2.call(Unknown Source)\r\n\tat Script1574137922953.run(Script1574137922953.groovy:42)\r\n\t... 13 more\r\n)</message>
  <nestedLevel>1</nestedLevel>
  <property name="failed.exception.class">org.openqa.selenium.TimeoutException</property>
  <property name="attachment">1574142858458.png</property>
  <property name="failed.exception.stacktrace">org.openqa.selenium.TimeoutException: Expected condition failed: waiting for element to be clickable: [[CRemoteWebDriver: chrome on WINDOWS (5bc6a612c5f894471f785b3f97fdd90ab989a672)] -&gt; xpath: //span[@id=&apos;fb-close&apos;]] (tried for 30 second(s) with 500 milliseconds interval)\nBuild info: version: &apos;3.141.59&apos;, revision: &apos;e82be7d358&apos;, time: &apos;2018-11-14T08:25:53&apos;\nSystem info: host: &apos;TWNB112&apos;, ip: &apos;192.168.33.126&apos;, os.name: &apos;Windows 10&apos;, os.arch: &apos;amd64&apos;, os.version: &apos;10.0&apos;, java.version: &apos;1.8.0_181&apos;\nDriver info: com.kms.katalon.core.webui.driver.SmartWaitWebDriver\nCapabilities {acceptInsecureCerts: false, acceptSslCerts: false, applicationCacheEnabled: false, browserConnectionEnabled: false, browserName: chrome, chrome: {chromedriverVersion: 2.36.540470 (e522d04694c7eb..., userDataDir: C:\\Windows\\proxy\\scoped_dir...}, cssSelectorsEnabled: true, databaseEnabled: false, handlesAlerts: true, hasTouchScreen: false, javascriptEnabled: true, locationContextEnabled: true, mobileEmulationEnabled: false, nativeEvents: true, networkConnectionEnabled: false, pageLoadStrategy: normal, platform: WINDOWS, platformName: WINDOWS, rotatable: false, setWindowRect: true, takesHeapSnapshot: true, takesScreenshot: true, unexpectedAlertBehaviour: , unhandledPromptBehavior: , version: 65.0.3325.146, webStorageEnabled: true, webdriver.remote.sessionid: 5bc6a612c5f894471f785b3f97f...}\nSession ID: 5bc6a612c5f894471f785b3f97fdd90ab989a672\r\n\tat org.openqa.selenium.support.ui.WebDriverWait.timeoutException(WebDriverWait.java:95)\r\n\tat org.openqa.selenium.support.ui.FluentWait.until(FluentWait.java:272)\r\n\tat com.kms.katalon.core.webui.keyword.builtin.ClickKeyword$_click_closure1.doCall(ClickKeyword.groovy:56)\r\n\tat com.kms.katalon.core.webui.keyword.builtin.ClickKeyword$_click_closure1.call(ClickKeyword.groovy)\r\n\tat com.kms.katalon.core.webui.keyword.internal.WebUIKeywordMain.runKeyword(WebUIKeywordMain.groovy:20)\r\n\tat com.kms.katalon.core.webui.keyword.builtin.ClickKeyword.click(ClickKeyword.groovy:79)\r\n\tat com.kms.katalon.core.webui.keyword.builtin.ClickKeyword.execute(ClickKeyword.groovy:42)\r\n\tat com.kms.katalon.core.keyword.internal.KeywordExecutor.executeKeywordForPlatform(KeywordExecutor.groovy:60)\r\n\tat com.kms.katalon.core.webui.keyword.WebUiBuiltInKeywords.click(WebUiBuiltInKeywords.groovy:604)\r\n\tat com.kms.katalon.core.webui.keyword.WebUiBuiltInKeywords$click$2.call(Unknown Source)\r\n\tat Search_functionality_barstools_IE.run(Search_functionality_barstools_IE:42)\r\n\tat com.kms.katalon.core.main.ScriptEngine.run(ScriptEngine.java:194)\r\n\tat com.kms.katalon.core.main.ScriptEngine.runScriptAsRawText(ScriptEngine.java:119)\r\n\tat com.kms.katalon.core.main.TestCaseExecutor.runScript(TestCaseExecutor.java:337)\r\n\tat com.kms.katalon.core.main.TestCaseExecutor.doExecute(TestCaseExecutor.java:328)\r\n\tat com.kms.katalon.core.main.TestCaseExecutor.processExecutionPhase(TestCaseExecutor.java:307)\r\n\tat com.kms.katalon.core.main.TestCaseExecutor.accessMainPhase(TestCaseExecutor.java:299)\r\n\tat com.kms.katalon.core.main.TestCaseExecutor.execute(TestCaseExecutor.java:233)\r\n\tat com.kms.katalon.core.main.TestSuiteExecutor.accessTestCaseMainPhase(TestSuiteExecutor.java:169)\r\n\tat com.kms.katalon.core.main.TestSuiteExecutor.accessTestSuiteMainPhase(TestSuiteExecutor.java:142)\r\n\tat com.kms.katalon.core.main.TestSuiteExecutor.execute(TestSuiteExecutor.java:91)\r\n\tat com.kms.katalon.core.main.TestCaseMain.startTestSuite(TestCaseMain.java:157)\r\n\tat com.kms.katalon.core.main.TestCaseMain$startTestSuite$0.call(Unknown Source)\r\n\tat TempTestSuite1574142706924.run(TempTestSuite1574142706924.groovy:36)\r\n</property>
  <property name="failed.exception.message">Expected condition failed: waiting for element to be clickable: [[CRemoteWebDriver: chrome on WINDOWS (5bc6a612c5f894471f785b3f97fdd90ab989a672)] -&gt; xpath: //span[@id=&apos;fb-close&apos;]] (tried for 30 second(s) with 500 milliseconds interval)\nBuild info: version: &apos;3.141.59&apos;, revision: &apos;e82be7d358&apos;, time: &apos;2018-11-14T08:25:53&apos;\nSystem info: host: &apos;TWNB112&apos;, ip: &apos;192.168.33.126&apos;, os.name: &apos;Windows 10&apos;, os.arch: &apos;amd64&apos;, os.version: &apos;10.0&apos;, java.version: &apos;1.8.0_181&apos;\nDriver info: com.kms.katalon.core.webui.driver.SmartWaitWebDriver\nCapabilities {acceptInsecureCerts: false, acceptSslCerts: false, applicationCacheEnabled: false, browserConnectionEnabled: false, browserName: chrome, chrome: {chromedriverVersion: 2.36.540470 (e522d04694c7eb..., userDataDir: C:\\Windows\\proxy\\scoped_dir...}, cssSelectorsEnabled: true, databaseEnabled: false, handlesAlerts: true, hasTouchScreen: false, javascriptEnabled: true, locationContextEnabled: true, mobileEmulationEnabled: false, nativeEvents: true, networkConnectionEnabled: false, pageLoadStrategy: normal, platform: WINDOWS, platformName: WINDOWS, rotatable: false, setWindowRect: true, takesHeapSnapshot: true, takesScreenshot: true, unexpectedAlertBehaviour: , unhandledPromptBehavior: , version: 65.0.3325.146, webStorageEnabled: true, webdriver.remote.sessionid: 5bc6a612c5f894471f785b3f97f...}\nSession ID: 5bc6a612c5f894471f785b3f97fdd90ab989a672</property>
</record>
<record>
  <date>2019-11-19T16:54:18</date>
  <millis>1574142858976</millis>
  <sequence>256</sequence>
  <level>END</level>
  <class>com.kms.katalon.core.logging.XmlKeywordLogger</class>
  <method>endKeyword</method>
  <thread>1</thread>
  <message>End action : click(findTestObject(\&amp;quot;general/Page_Bar Stools  Temple  Webster/popupwindowcrossbutton\&amp;quot;), OPTIONAL)</message>
  <nestedLevel>1</nestedLevel>
</record>
<record>
  <date>2019-11-19T16:54:18</date>
  <millis>1574142858976</millis>
  <sequence>257</sequence>
  <level>START</level>
  <class>com.kms.katalon.core.logging.XmlKeywordLogger</class>
  <method>startKeyword</method>
  <thread>1</thread>
  <message>Start action : delay(4)</message>
  <nestedLevel>1</nestedLevel>
  <property name="startLine">44</property>
  <property name="stepIndex">13</property>
</record>
<record>
  <date>2019-11-19T16:54:22</date>
  <millis>1574142862978</millis>
  <sequence>259</sequence>
  <level>PASSED</level>
  <class>com.kms.katalon.core.logging.XmlKeywordLogger</class>
  <method>logMessage</method>
  <thread>1</thread>
  <message>Delayed 4 second(s)</message>
  <nestedLevel>1</nestedLevel>
</record>
<record>
  <date>2019-11-19T16:54:22</date>
  <millis>1574142862979</millis>
  <sequence>260</sequence>
  <level>END</level>
  <class>com.kms.katalon.core.logging.XmlKeywordLogger</class>
  <method>endKeyword</method>
  <thread>1</thread>
  <message>End action : delay(4)</message>
  <nestedLevel>1</nestedLevel>
</record>
<record>
  <date>2019-11-19T16:54:22</date>
  <millis>1574142862979</millis>
  <sequence>261</sequence>
  <level>START</level>
  <class>com.kms.katalon.core.logging.XmlKeywordLogger</class>
  <method>startKeyword</method>
  <thread>1</thread>
  <message>Start action : scrollToPosition(0, 0)</message>
  <nestedLevel>1</nestedLevel>
  <property name="startLine">46</property>
  <property name="stepIndex">14</property>
</record>
<record>
  <date>2019-11-19T16:54:23</date>
  <millis>1574142863039</millis>
  <sequence>265</sequence>
  <level>PASSED</level>
  <class>com.kms.katalon.core.logging.XmlKeywordLogger</class>
  <method>logMessage</method>
  <thread>1</thread>
  <message>Browser is scrolled to position x = 0, y = 0</message>
  <nestedLevel>1</nestedLevel>
</record>
<record>
  <date>2019-11-19T16:54:23</date>
  <millis>1574142863039</millis>
  <sequence>266</sequence>
  <level>END</level>
  <class>com.kms.katalon.core.logging.XmlKeywordLogger</class>
  <method>endKeyword</method>
  <thread>1</thread>
  <message>End action : scrollToPosition(0, 0)</message>
  <nestedLevel>1</nestedLevel>
</record>
<record>
  <date>2019-11-19T16:54:23</date>
  <millis>1574142863040</millis>
  <sequence>267</sequence>
  <level>START</level>
  <class>com.kms.katalon.core.logging.XmlKeywordLogger</class>
  <method>startKeyword</method>
  <thread>1</thread>
  <message>Start action : click(findTestObject(\&amp;quot;search_functionality_barstools/Page_Black Bar Stools  Temple  Webster/firstsearchresult\&amp;quot;))</message>
  <nestedLevel>1</nestedLevel>
  <property name="startLine">48</property>
  <property name="stepIndex">15</property>
</record>
<record>
  <date>2019-11-19T16:54:24</date>
  <millis>1574142864878</millis>
  <sequence>276</sequence>
  <level>PASSED</level>
  <class>com.kms.katalon.core.logging.XmlKeywordLogger</class>
  <method>logMessage</method>
  <thread>1</thread>
  <message>Object: &amp;apos;Object Repository/search_functionality_barstools/Page_Black Bar Stools  Temple  Webster/firstsearchresult&amp;apos; is clicked on</message>
  <nestedLevel>1</nestedLevel>
</record>
<record>
  <date>2019-11-19T16:54:24</date>
  <millis>1574142864879</millis>
  <sequence>277</sequence>
  <level>END</level>
  <class>com.kms.katalon.core.logging.XmlKeywordLogger</class>
  <method>endKeyword</method>
  <thread>1</thread>
  <message>End action : click(findTestObject(\&amp;quot;search_functionality_barstools/Page_Black Bar Stools  Temple  Webster/firstsearchresult\&amp;quot;))</message>
  <nestedLevel>1</nestedLevel>
</record>
<record>
  <date>2019-11-19T16:54:24</date>
  <millis>1574142864879</millis>
  <sequence>278</sequence>
  <level>START</level>
  <class>com.kms.katalon.core.logging.XmlKeywordLogger</class>
  <method>startKeyword</method>
  <thread>1</thread>
  <message>Start action : verifyTextPresent(\&amp;quot;Barstool\&amp;quot;, true)</message>
  <nestedLevel>1</nestedLevel>
  <property name="startLine">50</property>
  <property name="stepIndex">16</property>
</record>
<record>
  <date>2019-11-19T16:54:26</date>
  <millis>1574142866834</millis>
  <sequence>281</sequence>
  <level>PASSED</level>
  <class>com.kms.katalon.core.logging.XmlKeywordLogger</class>
  <method>logMessage</method>
  <thread>1</thread>
  <message>Text &amp;apos;Barstool&amp;apos; is present on page  using regular expression</message>
  <nestedLevel>1</nestedLevel>
</record>
<record>
  <date>2019-11-19T16:54:26</date>
  <millis>1574142866835</millis>
  <sequence>282</sequence>
  <level>END</level>
  <class>com.kms.katalon.core.logging.XmlKeywordLogger</class>
  <method>endKeyword</method>
  <thread>1</thread>
  <message>End action : verifyTextPresent(\&amp;quot;Barstool\&amp;quot;, true)</message>
  <nestedLevel>1</nestedLevel>
</record>
<record>
  <date>2019-11-19T16:54:26</date>
  <millis>1574142866835</millis>
  <sequence>283</sequence>
  <level>START</level>
  <class>com.kms.katalon.core.logging.XmlKeywordLogger</class>
  <method>startKeyword</method>
  <thread>1</thread>
  <message>Start action : closeBrowser()</message>
  <nestedLevel>1</nestedLevel>
  <property name="startLine">52</property>
  <property name="stepIndex">17</property>
</record>
<record>
  <date>2019-11-19T16:54:27</date>
  <millis>1574142867704</millis>
  <sequence>285</sequence>
  <level>PASSED</level>
  <class>com.kms.katalon.core.logging.XmlKeywordLogger</class>
  <method>logMessage</method>
  <thread>1</thread>
  <message>Browser is closed</message>
  <nestedLevel>1</nestedLevel>
</record>
<record>
  <date>2019-11-19T16:54:27</date>
  <millis>1574142867704</millis>
  <sequence>286</sequence>
  <level>END</level>
  <class>com.kms.katalon.core.logging.XmlKeywordLogger</class>
  <method>endKeyword</method>
  <thread>1</thread>
  <message>End action : closeBrowser()</message>
  <nestedLevel>1</nestedLevel>
</record>
<record>
  <date>2019-11-19T16:54:27</date>
  <millis>1574142867704</millis>
  <sequence>287</sequence>
  <level>PASSED</level>
  <class>com.kms.katalon.core.logging.XmlKeywordLogger</class>
  <method>logMessage</method>
  <thread>1</thread>
  <message>Test Cases/Search_functionality_barstools_IE</message>
  <nestedLevel>1</nestedLevel>
</record>
<record>
  <date>2019-11-19T16:54:27</date>
  <millis>1574142867705</millis>
  <sequence>288</sequence>
  <level>END</level>
  <class>com.kms.katalon.core.logging.XmlKeywordLogger</class>
  <method>endTest</method>
  <thread>1</thread>
  <message>End Test Case : Test Cases/Search_functionality_barstools_IE</message>
  <nestedLevel>0</nestedLevel>
</record>
<record>
  <date>2019-11-19T16:54:27</date>
  <millis>1574142867739</millis>
  <sequence>289</sequence>
  <level>END</level>
  <class>com.kms.katalon.core.logging.XmlKeywordLogger</class>
  <method>endSuite</method>
  <thread>1</thread>
  <message>End Test Suite : Test Suites/Living_room_sale_link_check</message>
  <nestedLevel>0</nestedLevel>
</record>
</log>
